{"/Users/mcdave/code/recipe-finder/eslint.config.js": {"path":"/Users/mcdave/code/recipe-finder/eslint.config.js","all":true,"statementMap":{"0":{"start":{"line":1,"column":0},"end":{"line":1,"column":27}},"1":{"start":{"line":2,"column":0},"end":{"line":2,"column":29}},"2":{"start":{"line":3,"column":0},"end":{"line":3,"column":50}},"3":{"start":{"line":4,"column":0},"end":{"line":4,"column":54}},"4":{"start":{"line":5,"column":0},"end":{"line":5,"column":40}},"6":{"start":{"line":7,"column":0},"end":{"line":7,"column":31}},"7":{"start":{"line":8,"column":0},"end":{"line":8,"column":24}},"8":{"start":{"line":9,"column":0},"end":{"line":9,"column":3}},"9":{"start":{"line":10,"column":0},"end":{"line":10,"column":71}},"10":{"start":{"line":11,"column":0},"end":{"line":11,"column":29}},"11":{"start":{"line":12,"column":0},"end":{"line":12,"column":22}},"12":{"start":{"line":13,"column":0},"end":{"line":13,"column":24}},"13":{"start":{"line":14,"column":0},"end":{"line":14,"column":31}},"14":{"start":{"line":15,"column":0},"end":{"line":15,"column":6}},"15":{"start":{"line":16,"column":0},"end":{"line":16,"column":14}},"16":{"start":{"line":17,"column":0},"end":{"line":17,"column":32}},"17":{"start":{"line":18,"column":0},"end":{"line":18,"column":36}},"18":{"start":{"line":19,"column":0},"end":{"line":19,"column":6}},"19":{"start":{"line":20,"column":0},"end":{"line":20,"column":12}},"20":{"start":{"line":21,"column":0},"end":{"line":21,"column":46}},"21":{"start":{"line":22,"column":0},"end":{"line":22,"column":47}},"22":{"start":{"line":23,"column":0},"end":{"line":23,"column":15}},"23":{"start":{"line":24,"column":0},"end":{"line":24,"column":38}},"24":{"start":{"line":25,"column":0},"end":{"line":25,"column":8}},"25":{"start":{"line":26,"column":0},"end":{"line":26,"column":6}},"26":{"start":{"line":27,"column":0},"end":{"line":27,"column":4}},"27":{"start":{"line":28,"column":0},"end":{"line":28,"column":1}}},"s":{"0":0,"1":0,"2":0,"3":0,"4":0,"6":0,"7":0,"8":0,"9":0,"10":0,"11":0,"12":0,"13":0,"14":0,"15":0,"16":0,"17":0,"18":0,"19":0,"20":0,"21":0,"22":0,"23":0,"24":0,"25":0,"26":0,"27":0},"branchMap":{"0":{"type":"branch","line":1,"loc":{"start":{"line":1,"column":0},"end":{"line":28,"column":-416}},"locations":[{"start":{"line":1,"column":0},"end":{"line":28,"column":-416}}]}},"b":{"0":[0]},"fnMap":{"0":{"name":"(empty-report)","decl":{"start":{"line":1,"column":0},"end":{"line":28,"column":-416}},"loc":{"start":{"line":1,"column":0},"end":{"line":28,"column":-416}},"line":1}},"f":{"0":0}}
,"/Users/mcdave/code/recipe-finder/tailwind.config.js": {"path":"/Users/mcdave/code/recipe-finder/tailwind.config.js","all":true,"statementMap":{"0":{"start":{"line":1,"column":0},"end":{"line":1,"column":43}},"1":{"start":{"line":2,"column":0},"end":{"line":2,"column":39}},"3":{"start":{"line":4,"column":0},"end":{"line":4,"column":16}},"4":{"start":{"line":5,"column":0},"end":{"line":5,"column":58}},"5":{"start":{"line":6,"column":0},"end":{"line":6,"column":12}},"6":{"start":{"line":7,"column":0},"end":{"line":7,"column":19}},"7":{"start":{"line":8,"column":0},"end":{"line":8,"column":2}}},"s":{"0":0,"1":0,"3":0,"4":0,"5":0,"6":0,"7":0},"branchMap":{"0":{"type":"branch","line":1,"loc":{"start":{"line":1,"column":44},"end":{"line":8,"column":-83}},"locations":[{"start":{"line":1,"column":44},"end":{"line":8,"column":-83}}]}},"b":{"0":[0]},"fnMap":{"0":{"name":"(empty-report)","decl":{"start":{"line":1,"column":44},"end":{"line":8,"column":-83}},"loc":{"start":{"line":1,"column":44},"end":{"line":8,"column":-83}},"line":1}},"f":{"0":0}}
,"/Users/mcdave/code/recipe-finder/vite.config.ts": {"path":"/Users/mcdave/code/recipe-finder/vite.config.ts","all":true,"statementMap":{"0":{"start":{"line":1,"column":0},"end":{"line":1,"column":36}},"1":{"start":{"line":2,"column":0},"end":{"line":2,"column":45}},"2":{"start":{"line":3,"column":0},"end":{"line":3,"column":44}},"4":{"start":{"line":5,"column":0},"end":{"line":5,"column":27}},"5":{"start":{"line":6,"column":0},"end":{"line":6,"column":29}},"6":{"start":{"line":7,"column":0},"end":{"line":7,"column":36}},"7":{"start":{"line":8,"column":0},"end":{"line":8,"column":3}}},"s":{"0":0,"1":0,"2":0,"4":0,"5":0,"6":0,"7":0},"branchMap":{"0":{"type":"branch","line":1,"loc":{"start":{"line":1,"column":0},"end":{"line":8,"column":-97}},"locations":[{"start":{"line":1,"column":0},"end":{"line":8,"column":-97}}]}},"b":{"0":[0]},"fnMap":{"0":{"name":"(empty-report)","decl":{"start":{"line":1,"column":0},"end":{"line":8,"column":-97}},"loc":{"start":{"line":1,"column":0},"end":{"line":8,"column":-97}},"line":1}},"f":{"0":0}}
,"/Users/mcdave/code/recipe-finder/vitest.config.ts": {"path":"/Users/mcdave/code/recipe-finder/vitest.config.ts","all":true,"statementMap":{"0":{"start":{"line":1,"column":0},"end":{"line":1,"column":45}},"1":{"start":{"line":2,"column":0},"end":{"line":2,"column":45}},"3":{"start":{"line":4,"column":0},"end":{"line":4,"column":29}},"4":{"start":{"line":5,"column":0},"end":{"line":5,"column":21}},"5":{"start":{"line":6,"column":0},"end":{"line":6,"column":9}},"6":{"start":{"line":7,"column":0},"end":{"line":7,"column":18}},"7":{"start":{"line":8,"column":0},"end":{"line":8,"column":25}},"8":{"start":{"line":9,"column":0},"end":{"line":9,"column":40}},"9":{"start":{"line":10,"column":0},"end":{"line":10,"column":36}},"10":{"start":{"line":11,"column":0},"end":{"line":11,"column":15}},"11":{"start":{"line":12,"column":0},"end":{"line":12,"column":21}},"12":{"start":{"line":13,"column":0},"end":{"line":13,"column":41}},"13":{"start":{"line":14,"column":0},"end":{"line":14,"column":54}},"14":{"start":{"line":15,"column":0},"end":{"line":15,"column":6}},"15":{"start":{"line":16,"column":0},"end":{"line":16,"column":4}},"16":{"start":{"line":17,"column":0},"end":{"line":17,"column":3}}},"s":{"0":0,"1":0,"3":0,"4":0,"5":0,"6":0,"7":0,"8":0,"9":0,"10":0,"11":0,"12":0,"13":0,"14":0,"15":0,"16":0},"branchMap":{"0":{"type":"branch","line":1,"loc":{"start":{"line":1,"column":0},"end":{"line":17,"column":-209}},"locations":[{"start":{"line":1,"column":0},"end":{"line":17,"column":-209}}]}},"b":{"0":[0]},"fnMap":{"0":{"name":"(empty-report)","decl":{"start":{"line":1,"column":0},"end":{"line":17,"column":-209}},"loc":{"start":{"line":1,"column":0},"end":{"line":17,"column":-209}},"line":1}},"f":{"0":0}}
,"/Users/mcdave/code/recipe-finder/dist/assets/index-C76FdaeN.js": {"path":"/Users/mcdave/code/recipe-finder/dist/assets/index-C76FdaeN.js","all":true,"statementMap":{"0":{"start":{"line":1,"column":0},"end":{"line":1,"column":739}},"1":{"start":{"line":2,"column":0},"end":{"line":2,"column":17}},"2":{"start":{"line":3,"column":0},"end":{"line":3,"column":34}},"3":{"start":{"line":4,"column":0},"end":{"line":4,"column":2}},"4":{"start":{"line":5,"column":0},"end":{"line":5,"column":53}},"5":{"start":{"line":6,"column":0},"end":{"line":6,"column":2}},"6":{"start":{"line":7,"column":0},"end":{"line":7,"column":66}},"7":{"start":{"line":8,"column":0},"end":{"line":8,"column":58}},"8":{"start":{"line":9,"column":0},"end":{"line":9,"column":484}},"9":{"start":{"line":10,"column":0},"end":{"line":10,"column":17}},"10":{"start":{"line":11,"column":0},"end":{"line":11,"column":22}},"11":{"start":{"line":12,"column":0},"end":{"line":12,"column":2}},"12":{"start":{"line":13,"column":0},"end":{"line":13,"column":53}},"13":{"start":{"line":14,"column":0},"end":{"line":14,"column":2}},"14":{"start":{"line":15,"column":0},"end":{"line":15,"column":66}},"15":{"start":{"line":16,"column":0},"end":{"line":16,"column":58}},"16":{"start":{"line":17,"column":0},"end":{"line":17,"column":7719}},"17":{"start":{"line":18,"column":0},"end":{"line":18,"column":17}},"18":{"start":{"line":19,"column":0},"end":{"line":19,"column":26}},"19":{"start":{"line":20,"column":0},"end":{"line":20,"column":2}},"20":{"start":{"line":21,"column":0},"end":{"line":21,"column":53}},"21":{"start":{"line":22,"column":0},"end":{"line":22,"column":2}},"22":{"start":{"line":23,"column":0},"end":{"line":23,"column":66}},"23":{"start":{"line":24,"column":0},"end":{"line":24,"column":58}},"24":{"start":{"line":25,"column":0},"end":{"line":25,"column":3856}},"25":{"start":{"line":26,"column":0},"end":{"line":26,"column":17}},"26":{"start":{"line":27,"column":0},"end":{"line":27,"column":26}},"27":{"start":{"line":28,"column":0},"end":{"line":28,"column":2}},"28":{"start":{"line":29,"column":0},"end":{"line":29,"column":53}},"29":{"start":{"line":30,"column":0},"end":{"line":30,"column":2}},"30":{"start":{"line":31,"column":0},"end":{"line":31,"column":66}},"31":{"start":{"line":32,"column":0},"end":{"line":32,"column":58}},"32":{"start":{"line":33,"column":0},"end":{"line":33,"column":3607}},"33":{"start":{"line":34,"column":0},"end":{"line":34,"column":17}},"34":{"start":{"line":35,"column":0},"end":{"line":35,"column":33}},"35":{"start":{"line":36,"column":0},"end":{"line":36,"column":2}},"36":{"start":{"line":37,"column":0},"end":{"line":37,"column":53}},"37":{"start":{"line":38,"column":0},"end":{"line":38,"column":2}},"38":{"start":{"line":39,"column":0},"end":{"line":39,"column":66}},"39":{"start":{"line":40,"column":0},"end":{"line":40,"column":58}},"40":{"start":{"line":41,"column":0},"end":{"line":41,"column":2156}},"41":{"start":{"line":42,"column":0},"end":{"line":42,"column":75}},"42":{"start":{"line":43,"column":0},"end":{"line":43,"column":985}},"43":{"start":{"line":44,"column":0},"end":{"line":44,"column":14}},"44":{"start":{"line":45,"column":0},"end":{"line":45,"column":328}},"45":{"start":{"line":46,"column":0},"end":{"line":46,"column":613}},"46":{"start":{"line":47,"column":0},"end":{"line":47,"column":37}},"47":{"start":{"line":48,"column":0},"end":{"line":48,"column":130546}},"48":{"start":{"line":49,"column":0},"end":{"line":49,"column":36598}},"49":{"start":{"line":50,"column":0},"end":{"line":50,"column":22}},"50":{"start":{"line":51,"column":0},"end":{"line":51,"column":2}},"51":{"start":{"line":52,"column":0},"end":{"line":52,"column":36}},"52":{"start":{"line":53,"column":0},"end":{"line":53,"column":2}},"53":{"start":{"line":54,"column":0},"end":{"line":54,"column":66}},"54":{"start":{"line":55,"column":0},"end":{"line":55,"column":61}},"55":{"start":{"line":56,"column":0},"end":{"line":56,"column":2}},"56":{"start":{"line":57,"column":0},"end":{"line":57,"column":15}},"57":{"start":{"line":58,"column":0},"end":{"line":58,"column":10902}},"59":{"start":{"line":60,"column":0},"end":{"line":60,"column":45676}}},"s":{"0":0,"1":0,"2":0,"3":0,"4":0,"5":0,"6":0,"7":0,"8":0,"9":0,"10":0,"11":0,"12":0,"13":0,"14":0,"15":0,"16":0,"17":0,"18":0,"19":0,"20":0,"21":0,"22":0,"23":0,"24":0,"25":0,"26":0,"27":0,"28":0,"29":0,"30":0,"31":0,"32":0,"33":0,"34":0,"35":0,"36":0,"37":0,"38":0,"39":0,"40":0,"41":0,"42":0,"43":0,"44":0,"45":0,"46":0,"47":0,"48":0,"49":0,"50":0,"51":0,"52":0,"53":0,"54":0,"55":0,"56":0,"57":0,"59":0},"branchMap":{"0":{"type":"branch","line":1,"loc":{"start":{"line":1,"column":0},"end":{"line":60,"column":45252}},"locations":[{"start":{"line":1,"column":0},"end":{"line":60,"column":45252}}]}},"b":{"0":[0]},"fnMap":{"0":{"name":"(empty-report)","decl":{"start":{"line":1,"column":0},"end":{"line":60,"column":45252}},"loc":{"start":{"line":1,"column":0},"end":{"line":60,"column":45252}},"line":1}},"f":{"0":0}}
,"/Users/mcdave/code/recipe-finder/src/App.tsx": {"path":"/Users/mcdave/code/recipe-finder/src/App.tsx","all":true,"statementMap":{"0":{"start":{"line":1,"column":0},"end":{"line":1,"column":74}},"1":{"start":{"line":2,"column":0},"end":{"line":2,"column":32}},"2":{"start":{"line":3,"column":0},"end":{"line":3,"column":48}},"3":{"start":{"line":4,"column":0},"end":{"line":4,"column":42}},"5":{"start":{"line":6,"column":0},"end":{"line":6,"column":19}},"6":{"start":{"line":7,"column":0},"end":{"line":7,"column":10}},"7":{"start":{"line":8,"column":0},"end":{"line":8,"column":12}},"8":{"start":{"line":9,"column":0},"end":{"line":9,"column":14}},"9":{"start":{"line":10,"column":0},"end":{"line":10,"column":45}},"10":{"start":{"line":11,"column":0},"end":{"line":11,"column":63}},"11":{"start":{"line":12,"column":0},"end":{"line":12,"column":59}},"15":{"start":{"line":16,"column":0},"end":{"line":16,"column":2}},"17":{"start":{"line":18,"column":0},"end":{"line":18,"column":19}}},"s":{"0":0,"1":0,"2":0,"3":0,"5":0,"6":0,"7":0,"8":0,"9":0,"10":0,"11":0,"15":0,"17":0},"branchMap":{"0":{"type":"branch","line":1,"loc":{"start":{"line":1,"column":488},"end":{"line":18,"column":19}},"locations":[{"start":{"line":1,"column":488},"end":{"line":18,"column":19}}]}},"b":{"0":[0]},"fnMap":{"0":{"name":"(empty-report)","decl":{"start":{"line":1,"column":488},"end":{"line":18,"column":19}},"loc":{"start":{"line":1,"column":488},"end":{"line":18,"column":19}},"line":1}},"f":{"0":0}}
,"/Users/mcdave/code/recipe-finder/src/main.tsx": {"path":"/Users/mcdave/code/recipe-finder/src/main.tsx","all":true,"statementMap":{"0":{"start":{"line":1,"column":0},"end":{"line":1,"column":35}},"1":{"start":{"line":2,"column":0},"end":{"line":2,"column":46}},"2":{"start":{"line":3,"column":0},"end":{"line":3,"column":21}},"3":{"start":{"line":4,"column":0},"end":{"line":4,"column":28}},"5":{"start":{"line":6,"column":0},"end":{"line":6,"column":52}},"6":{"start":{"line":7,"column":0},"end":{"line":7,"column":14}},"7":{"start":{"line":8,"column":0},"end":{"line":8,"column":11}}},"s":{"0":0,"1":0,"2":0,"3":0,"5":0,"6":0,"7":0},"branchMap":{"0":{"type":"branch","line":1,"loc":{"start":{"line":1,"column":233},"end":{"line":10,"column":2}},"locations":[{"start":{"line":1,"column":233},"end":{"line":10,"column":2}}]}},"b":{"0":[0]},"fnMap":{"0":{"name":"(empty-report)","decl":{"start":{"line":1,"column":233},"end":{"line":10,"column":2}},"loc":{"start":{"line":1,"column":233},"end":{"line":10,"column":2}},"line":1}},"f":{"0":0}}
,"/Users/mcdave/code/recipe-finder/src/vite-env.d.ts": {"path":"/Users/mcdave/code/recipe-finder/src/vite-env.d.ts","all":true,"statementMap":{"0":{"start":{"line":1,"column":0},"end":{"line":1,"column":37}}},"s":{"0":0},"branchMap":{"0":{"type":"branch","line":1,"loc":{"start":{"line":1,"column":37},"end":{"line":1,"column":37}},"locations":[{"start":{"line":1,"column":37},"end":{"line":1,"column":37}}]}},"b":{"0":[0]},"fnMap":{"0":{"name":"(empty-report)","decl":{"start":{"line":1,"column":37},"end":{"line":1,"column":37}},"loc":{"start":{"line":1,"column":37},"end":{"line":1,"column":37}},"line":1}},"f":{"0":0}}
,"/Users/mcdave/code/recipe-finder/src/components/FavoriteButton.tsx": {"path":"/Users/mcdave/code/recipe-finder/src/components/FavoriteButton.tsx","all":false,"statementMap":{"0":{"start":{"line":1,"column":0},"end":{"line":1,"column":76}},"1":{"start":{"line":2,"column":0},"end":{"line":2,"column":72}},"11":{"start":{"line":12,"column":0},"end":{"line":12,"column":25}},"12":{"start":{"line":13,"column":0},"end":{"line":13,"column":9}},"13":{"start":{"line":14,"column":0},"end":{"line":14,"column":13}},"14":{"start":{"line":15,"column":0},"end":{"line":15,"column":11}},"15":{"start":{"line":16,"column":0},"end":{"line":16,"column":17}},"16":{"start":{"line":17,"column":0},"end":{"line":17,"column":28}},"17":{"start":{"line":18,"column":0},"end":{"line":18,"column":48}},"18":{"start":{"line":19,"column":0},"end":{"line":19,"column":55}},"19":{"start":{"line":20,"column":0},"end":{"line":20,"column":21}},"20":{"start":{"line":21,"column":0},"end":{"line":21,"column":4}},"22":{"start":{"line":23,"column":0},"end":{"line":23,"column":10}},"23":{"start":{"line":24,"column":0},"end":{"line":24,"column":11}},"24":{"start":{"line":25,"column":0},"end":{"line":25,"column":27}},"25":{"start":{"line":26,"column":0},"end":{"line":26,"column":127}},"26":{"start":{"line":27,"column":0},"end":{"line":27,"column":76}},"28":{"start":{"line":29,"column":0},"end":{"line":29,"column":21}},"29":{"start":{"line":30,"column":0},"end":{"line":30,"column":120}},"31":{"start":{"line":32,"column":0},"end":{"line":32,"column":114}},"35":{"start":{"line":36,"column":0},"end":{"line":36,"column":2}},"37":{"start":{"line":38,"column":0},"end":{"line":38,"column":30}}},"s":{"0":1,"1":1,"11":1,"12":6,"13":6,"14":6,"15":6,"16":6,"17":6,"18":2,"19":2,"20":2,"22":6,"23":6,"24":6,"25":6,"26":6,"28":6,"29":1,"31":6,"35":6,"37":1},"branchMap":{"0":{"type":"branch","line":12,"loc":{"start":{"line":12,"column":23},"end":{"line":36,"column":2}},"locations":[{"start":{"line":12,"column":23},"end":{"line":36,"column":2}}]},"1":{"type":"branch","line":27,"loc":{"start":{"line":27,"column":18},"end":{"line":27,"column":57}},"locations":[{"start":{"line":27,"column":18},"end":{"line":27,"column":57}}]},"2":{"type":"branch","line":27,"loc":{"start":{"line":27,"column":31},"end":{"line":27,"column":76}},"locations":[{"start":{"line":27,"column":31},"end":{"line":27,"column":76}}]},"3":{"type":"branch","line":29,"loc":{"start":{"line":29,"column":7},"end":{"line":32,"column":9}},"locations":[{"start":{"line":29,"column":7},"end":{"line":32,"column":9}}]},"4":{"type":"branch","line":18,"loc":{"start":{"line":18,"column":22},"end":{"line":21,"column":4}},"locations":[{"start":{"line":18,"column":22},"end":{"line":21,"column":4}}]}},"b":{"0":[6],"1":[1],"2":[5],"3":[1],"4":[2]},"fnMap":{"0":{"name":"FavoriteButton","decl":{"start":{"line":12,"column":23},"end":{"line":36,"column":2}},"loc":{"start":{"line":12,"column":23},"end":{"line":36,"column":2}},"line":12},"1":{"name":"handleClick","decl":{"start":{"line":18,"column":22},"end":{"line":21,"column":4}},"loc":{"start":{"line":18,"column":22},"end":{"line":21,"column":4}},"line":18}},"f":{"0":6,"1":2}}
,"/Users/mcdave/code/recipe-finder/src/components/FilterBadges.tsx": {"path":"/Users/mcdave/code/recipe-finder/src/components/FilterBadges.tsx","all":true,"statementMap":{"1":{"start":{"line":2,"column":0},"end":{"line":2,"column":54}},"8":{"start":{"line":9,"column":0},"end":{"line":9,"column":22}},"9":{"start":{"line":10,"column":0},"end":{"line":10,"column":7}},"10":{"start":{"line":11,"column":0},"end":{"line":11,"column":7}},"11":{"start":{"line":12,"column":0},"end":{"line":12,"column":11}},"16":{"start":{"line":17,"column":0},"end":{"line":17,"column":7}},"17":{"start":{"line":18,"column":0},"end":{"line":18,"column":18}},"18":{"start":{"line":19,"column":0},"end":{"line":19,"column":73}},"19":{"start":{"line":20,"column":0},"end":{"line":20,"column":12}},"20":{"start":{"line":21,"column":0},"end":{"line":21,"column":75}},"21":{"start":{"line":22,"column":0},"end":{"line":22,"column":16}},"22":{"start":{"line":23,"column":0},"end":{"line":23,"column":75}},"23":{"start":{"line":24,"column":0},"end":{"line":24,"column":4}},"25":{"start":{"line":26,"column":0},"end":{"line":26,"column":10}},"26":{"start":{"line":27,"column":0},"end":{"line":27,"column":9}},"27":{"start":{"line":28,"column":0},"end":{"line":28,"column":109}},"29":{"start":{"line":30,"column":0},"end":{"line":30,"column":12}},"30":{"start":{"line":31,"column":0},"end":{"line":31,"column":13}},"31":{"start":{"line":32,"column":0},"end":{"line":32,"column":26}},"32":{"start":{"line":33,"column":0},"end":{"line":33,"column":79}},"33":{"start":{"line":34,"column":0},"end":{"line":34,"column":44}},"35":{"start":{"line":36,"column":0},"end":{"line":36,"column":76}},"39":{"start":{"line":40,"column":0},"end":{"line":40,"column":2}},"41":{"start":{"line":42,"column":0},"end":{"line":42,"column":68}},"42":{"start":{"line":43,"column":0},"end":{"line":43,"column":28}},"43":{"start":{"line":44,"column":0},"end":{"line":44,"column":28}},"44":{"start":{"line":45,"column":0},"end":{"line":45,"column":31}},"45":{"start":{"line":46,"column":0},"end":{"line":46,"column":40}},"47":{"start":{"line":48,"column":0},"end":{"line":48,"column":44}},"49":{"start":{"line":50,"column":0},"end":{"line":50,"column":10}},"50":{"start":{"line":51,"column":0},"end":{"line":51,"column":55}},"51":{"start":{"line":52,"column":0},"end":{"line":52,"column":80}},"52":{"start":{"line":53,"column":0},"end":{"line":53,"column":44}},"53":{"start":{"line":54,"column":0},"end":{"line":54,"column":26}},"54":{"start":{"line":55,"column":0},"end":{"line":55,"column":22}},"55":{"start":{"line":56,"column":0},"end":{"line":56,"column":31}},"56":{"start":{"line":57,"column":0},"end":{"line":57,"column":23}},"57":{"start":{"line":58,"column":0},"end":{"line":58,"column":45}},"61":{"start":{"line":62,"column":0},"end":{"line":62,"column":29}},"62":{"start":{"line":63,"column":0},"end":{"line":63,"column":22}},"63":{"start":{"line":64,"column":0},"end":{"line":64,"column":34}},"64":{"start":{"line":65,"column":0},"end":{"line":65,"column":26}},"65":{"start":{"line":66,"column":0},"end":{"line":66,"column":48}},"69":{"start":{"line":70,"column":0},"end":{"line":70,"column":53}},"70":{"start":{"line":71,"column":0},"end":{"line":71,"column":22}},"71":{"start":{"line":72,"column":0},"end":{"line":72,"column":29}},"72":{"start":{"line":73,"column":0},"end":{"line":73,"column":30}},"73":{"start":{"line":74,"column":0},"end":{"line":74,"column":30}},"74":{"start":{"line":75,"column":0},"end":{"line":75,"column":66}},"80":{"start":{"line":81,"column":0},"end":{"line":81,"column":2}},"82":{"start":{"line":83,"column":0},"end":{"line":83,"column":28}}},"s":{"1":0,"8":0,"9":0,"10":0,"11":0,"16":0,"17":0,"18":0,"19":0,"20":0,"21":0,"22":0,"23":0,"25":0,"26":0,"27":0,"29":0,"30":0,"31":0,"32":0,"33":0,"35":0,"39":0,"41":0,"42":0,"43":0,"44":0,"45":0,"47":0,"49":0,"50":0,"51":0,"52":0,"53":0,"54":0,"55":0,"56":0,"57":0,"61":0,"62":0,"63":0,"64":0,"65":0,"69":0,"70":0,"71":0,"72":0,"73":0,"74":0,"80":0,"82":0},"branchMap":{"0":{"type":"branch","line":1,"loc":{"start":{"line":1,"column":2224},"end":{"line":83,"column":28}},"locations":[{"start":{"line":1,"column":2224},"end":{"line":83,"column":28}}]}},"b":{"0":[1]},"fnMap":{"0":{"name":"(empty-report)","decl":{"start":{"line":1,"column":2224},"end":{"line":83,"column":28}},"loc":{"start":{"line":1,"column":2224},"end":{"line":83,"column":28}},"line":1}},"f":{"0":1}}
,"/Users/mcdave/code/recipe-finder/src/components/Filters.tsx": {"path":"/Users/mcdave/code/recipe-finder/src/components/Filters.tsx","all":false,"statementMap":{"1":{"start":{"line":2,"column":0},"end":{"line":2,"column":33}},"9":{"start":{"line":10,"column":0},"end":{"line":10,"column":33}},"10":{"start":{"line":11,"column":0},"end":{"line":11,"column":24}},"11":{"start":{"line":12,"column":0},"end":{"line":12,"column":22}},"12":{"start":{"line":13,"column":0},"end":{"line":13,"column":23}},"13":{"start":{"line":14,"column":0},"end":{"line":14,"column":18}},"14":{"start":{"line":15,"column":0},"end":{"line":15,"column":24}},"15":{"start":{"line":16,"column":0},"end":{"line":16,"column":18}},"16":{"start":{"line":17,"column":0},"end":{"line":17,"column":19}},"17":{"start":{"line":18,"column":0},"end":{"line":18,"column":23}},"18":{"start":{"line":19,"column":0},"end":{"line":19,"column":20}},"19":{"start":{"line":20,"column":0},"end":{"line":20,"column":2}},"21":{"start":{"line":22,"column":0},"end":{"line":22,"column":47}},"22":{"start":{"line":23,"column":0},"end":{"line":23,"column":18}},"23":{"start":{"line":24,"column":0},"end":{"line":24,"column":16}},"24":{"start":{"line":25,"column":0},"end":{"line":25,"column":19}},"25":{"start":{"line":26,"column":0},"end":{"line":26,"column":18}},"26":{"start":{"line":27,"column":0},"end":{"line":27,"column":19}},"27":{"start":{"line":28,"column":0},"end":{"line":28,"column":20}},"28":{"start":{"line":29,"column":0},"end":{"line":29,"column":19}},"29":{"start":{"line":30,"column":0},"end":{"line":30,"column":22}},"30":{"start":{"line":31,"column":0},"end":{"line":31,"column":16}},"31":{"start":{"line":32,"column":0},"end":{"line":32,"column":20}},"32":{"start":{"line":33,"column":0},"end":{"line":33,"column":21}},"33":{"start":{"line":34,"column":0},"end":{"line":34,"column":18}},"34":{"start":{"line":35,"column":0},"end":{"line":35,"column":2}},"36":{"start":{"line":37,"column":0},"end":{"line":37,"column":39}},"37":{"start":{"line":38,"column":0},"end":{"line":38,"column":20}},"38":{"start":{"line":39,"column":0},"end":{"line":39,"column":23}},"39":{"start":{"line":40,"column":0},"end":{"line":40,"column":18}},"40":{"start":{"line":41,"column":0},"end":{"line":41,"column":22}},"41":{"start":{"line":42,"column":0},"end":{"line":42,"column":22}},"42":{"start":{"line":43,"column":0},"end":{"line":43,"column":22}},"43":{"start":{"line":44,"column":0},"end":{"line":44,"column":23}},"44":{"start":{"line":45,"column":0},"end":{"line":45,"column":21}},"45":{"start":{"line":46,"column":0},"end":{"line":46,"column":21}},"46":{"start":{"line":47,"column":0},"end":{"line":47,"column":20}},"47":{"start":{"line":48,"column":0},"end":{"line":48,"column":21}},"48":{"start":{"line":49,"column":0},"end":{"line":49,"column":22}},"49":{"start":{"line":50,"column":0},"end":{"line":50,"column":23}},"50":{"start":{"line":51,"column":0},"end":{"line":51,"column":21}},"51":{"start":{"line":52,"column":0},"end":{"line":52,"column":26}},"52":{"start":{"line":53,"column":0},"end":{"line":53,"column":22}},"53":{"start":{"line":54,"column":0},"end":{"line":54,"column":27}},"54":{"start":{"line":55,"column":0},"end":{"line":55,"column":19}},"55":{"start":{"line":56,"column":0},"end":{"line":56,"column":25}},"56":{"start":{"line":57,"column":0},"end":{"line":57,"column":2}},"58":{"start":{"line":59,"column":0},"end":{"line":59,"column":24}},"59":{"start":{"line":60,"column":0},"end":{"line":60,"column":8}},"60":{"start":{"line":61,"column":0},"end":{"line":61,"column":9}},"61":{"start":{"line":62,"column":0},"end":{"line":62,"column":11}},"62":{"start":{"line":63,"column":0},"end":{"line":63,"column":11}},"63":{"start":{"line":64,"column":0},"end":{"line":64,"column":8}},"70":{"start":{"line":71,"column":0},"end":{"line":71,"column":7}},"71":{"start":{"line":72,"column":0},"end":{"line":72,"column":53}},"72":{"start":{"line":73,"column":0},"end":{"line":73,"column":11}},"73":{"start":{"line":74,"column":0},"end":{"line":74,"column":24}},"74":{"start":{"line":75,"column":0},"end":{"line":75,"column":158}},"76":{"start":{"line":77,"column":0},"end":{"line":77,"column":51}},"77":{"start":{"line":78,"column":0},"end":{"line":78,"column":66}},"78":{"start":{"line":79,"column":0},"end":{"line":79,"column":18}},"79":{"start":{"line":80,"column":0},"end":{"line":80,"column":101}},"80":{"start":{"line":81,"column":0},"end":{"line":81,"column":19}},"82":{"start":{"line":83,"column":0},"end":{"line":83,"column":17}},"84":{"start":{"line":85,"column":0},"end":{"line":85,"column":10}},"85":{"start":{"line":86,"column":0},"end":{"line":86,"column":51}},"86":{"start":{"line":87,"column":0},"end":{"line":87,"column":46}},"87":{"start":{"line":88,"column":0},"end":{"line":88,"column":11}},"88":{"start":{"line":89,"column":0},"end":{"line":89,"column":19}},"89":{"start":{"line":90,"column":0},"end":{"line":90,"column":29}},"90":{"start":{"line":91,"column":0},"end":{"line":91,"column":27}},"92":{"start":{"line":93,"column":0},"end":{"line":93,"column":13}},"93":{"start":{"line":94,"column":0},"end":{"line":94,"column":31}},"94":{"start":{"line":95,"column":0},"end":{"line":95,"column":32}},"95":{"start":{"line":96,"column":0},"end":{"line":96,"column":25}},"96":{"start":{"line":97,"column":0},"end":{"line":97,"column":28}},"100":{"start":{"line":101,"column":0},"end":{"line":101,"column":78}},"104":{"start":{"line":105,"column":0},"end":{"line":105,"column":67}},"105":{"start":{"line":106,"column":0},"end":{"line":106,"column":80}},"107":{"start":{"line":108,"column":0},"end":{"line":108,"column":46}},"108":{"start":{"line":109,"column":0},"end":{"line":109,"column":72}},"109":{"start":{"line":110,"column":0},"end":{"line":110,"column":4}},"111":{"start":{"line":112,"column":0},"end":{"line":112,"column":47}},"112":{"start":{"line":113,"column":0},"end":{"line":113,"column":38}},"113":{"start":{"line":114,"column":0},"end":{"line":114,"column":16}},"114":{"start":{"line":115,"column":0},"end":{"line":115,"column":38}},"115":{"start":{"line":116,"column":0},"end":{"line":116,"column":12}},"116":{"start":{"line":117,"column":0},"end":{"line":117,"column":29}},"117":{"start":{"line":118,"column":0},"end":{"line":118,"column":5}},"118":{"start":{"line":119,"column":0},"end":{"line":119,"column":25}},"119":{"start":{"line":120,"column":0},"end":{"line":120,"column":4}},"121":{"start":{"line":122,"column":0},"end":{"line":122,"column":65}},"122":{"start":{"line":123,"column":0},"end":{"line":123,"column":59}},"123":{"start":{"line":124,"column":0},"end":{"line":124,"column":69}},"124":{"start":{"line":125,"column":0},"end":{"line":125,"column":60}},"125":{"start":{"line":126,"column":0},"end":{"line":126,"column":46}},"127":{"start":{"line":128,"column":0},"end":{"line":128,"column":38}},"128":{"start":{"line":129,"column":0},"end":{"line":129,"column":37}},"129":{"start":{"line":130,"column":0},"end":{"line":130,"column":48}},"130":{"start":{"line":131,"column":0},"end":{"line":131,"column":12}},"131":{"start":{"line":132,"column":0},"end":{"line":132,"column":37}},"132":{"start":{"line":133,"column":0},"end":{"line":133,"column":5}},"133":{"start":{"line":134,"column":0},"end":{"line":134,"column":25}},"134":{"start":{"line":135,"column":0},"end":{"line":135,"column":4}},"136":{"start":{"line":137,"column":0},"end":{"line":137,"column":50}},"137":{"start":{"line":138,"column":0},"end":{"line":138,"column":38}},"138":{"start":{"line":139,"column":0},"end":{"line":139,"column":16}},"139":{"start":{"line":140,"column":0},"end":{"line":140,"column":44}},"140":{"start":{"line":141,"column":0},"end":{"line":141,"column":12}},"141":{"start":{"line":142,"column":0},"end":{"line":142,"column":32}},"142":{"start":{"line":143,"column":0},"end":{"line":143,"column":5}},"143":{"start":{"line":144,"column":0},"end":{"line":144,"column":25}},"144":{"start":{"line":145,"column":0},"end":{"line":145,"column":4}},"146":{"start":{"line":147,"column":0},"end":{"line":147,"column":26}},"147":{"start":{"line":148,"column":0},"end":{"line":148,"column":19}},"148":{"start":{"line":149,"column":0},"end":{"line":149,"column":22}},"149":{"start":{"line":150,"column":0},"end":{"line":150,"column":62}},"151":{"start":{"line":152,"column":0},"end":{"line":152,"column":10}},"152":{"start":{"line":153,"column":0},"end":{"line":153,"column":25}},"153":{"start":{"line":154,"column":0},"end":{"line":154,"column":62}},"154":{"start":{"line":155,"column":0},"end":{"line":155,"column":70}},"155":{"start":{"line":156,"column":0},"end":{"line":156,"column":30}},"156":{"start":{"line":157,"column":0},"end":{"line":157,"column":17}},"157":{"start":{"line":158,"column":0},"end":{"line":158,"column":29}},"158":{"start":{"line":159,"column":0},"end":{"line":159,"column":83}},"159":{"start":{"line":160,"column":0},"end":{"line":160,"column":42}},"160":{"start":{"line":161,"column":0},"end":{"line":161,"column":11}},"166":{"start":{"line":167,"column":0},"end":{"line":167,"column":33}},"167":{"start":{"line":168,"column":0},"end":{"line":168,"column":22}},"168":{"start":{"line":169,"column":0},"end":{"line":169,"column":22}},"169":{"start":{"line":170,"column":0},"end":{"line":170,"column":36}},"170":{"start":{"line":171,"column":0},"end":{"line":171,"column":48}},"171":{"start":{"line":172,"column":0},"end":{"line":172,"column":38}},"173":{"start":{"line":174,"column":0},"end":{"line":174,"column":17}},"174":{"start":{"line":175,"column":0},"end":{"line":175,"column":38}},"175":{"start":{"line":176,"column":0},"end":{"line":176,"column":62}},"176":{"start":{"line":177,"column":0},"end":{"line":177,"column":121}},"178":{"start":{"line":179,"column":0},"end":{"line":179,"column":41}},"179":{"start":{"line":180,"column":0},"end":{"line":180,"column":43}},"180":{"start":{"line":181,"column":0},"end":{"line":181,"column":46}},"181":{"start":{"line":182,"column":0},"end":{"line":182,"column":30}},"187":{"start":{"line":188,"column":0},"end":{"line":188,"column":22}},"188":{"start":{"line":189,"column":0},"end":{"line":189,"column":30}},"189":{"start":{"line":190,"column":0},"end":{"line":190,"column":44}},"190":{"start":{"line":191,"column":0},"end":{"line":191,"column":56}},"191":{"start":{"line":192,"column":0},"end":{"line":192,"column":51}},"193":{"start":{"line":194,"column":0},"end":{"line":194,"column":80}},"194":{"start":{"line":195,"column":0},"end":{"line":195,"column":57}},"195":{"start":{"line":196,"column":0},"end":{"line":196,"column":20}},"196":{"start":{"line":197,"column":0},"end":{"line":197,"column":33}},"197":{"start":{"line":198,"column":0},"end":{"line":198,"column":63}},"199":{"start":{"line":200,"column":0},"end":{"line":200,"column":22}},"200":{"start":{"line":201,"column":0},"end":{"line":201,"column":33}},"201":{"start":{"line":202,"column":0},"end":{"line":202,"column":78}},"202":{"start":{"line":203,"column":0},"end":{"line":203,"column":71}},"203":{"start":{"line":204,"column":0},"end":{"line":204,"column":99}},"205":{"start":{"line":206,"column":0},"end":{"line":206,"column":43}},"206":{"start":{"line":207,"column":0},"end":{"line":207,"column":39}},"213":{"start":{"line":214,"column":0},"end":{"line":214,"column":22}},"214":{"start":{"line":215,"column":0},"end":{"line":215,"column":25}},"215":{"start":{"line":216,"column":0},"end":{"line":216,"column":39}},"216":{"start":{"line":217,"column":0},"end":{"line":217,"column":51}},"217":{"start":{"line":218,"column":0},"end":{"line":218,"column":41}},"219":{"start":{"line":220,"column":0},"end":{"line":220,"column":17}},"220":{"start":{"line":221,"column":0},"end":{"line":221,"column":41}},"221":{"start":{"line":222,"column":0},"end":{"line":222,"column":65}},"222":{"start":{"line":223,"column":0},"end":{"line":223,"column":121}},"224":{"start":{"line":225,"column":0},"end":{"line":225,"column":41}},"225":{"start":{"line":226,"column":0},"end":{"line":226,"column":49}},"226":{"start":{"line":227,"column":0},"end":{"line":227,"column":52}},"227":{"start":{"line":228,"column":0},"end":{"line":228,"column":33}},"235":{"start":{"line":236,"column":0},"end":{"line":236,"column":2}},"237":{"start":{"line":238,"column":0},"end":{"line":238,"column":23}}},"s":{"1":1,"9":1,"10":1,"11":1,"12":1,"13":1,"14":1,"15":1,"16":1,"17":1,"18":1,"19":1,"21":1,"22":1,"23":1,"24":1,"25":1,"26":1,"27":1,"28":1,"29":1,"30":1,"31":1,"32":1,"33":1,"34":1,"36":1,"37":1,"38":1,"39":1,"40":1,"41":1,"42":1,"43":1,"44":1,"45":1,"46":1,"47":1,"48":1,"49":1,"50":1,"51":1,"52":1,"53":1,"54":1,"55":1,"56":1,"58":1,"59":1,"60":1,"61":1,"62":1,"63":1,"70":1,"71":1,"72":1,"73":1,"74":1,"76":1,"77":1,"78":1,"79":3,"80":3,"82":3,"84":1,"85":1,"86":1,"87":1,"88":1,"89":1,"90":1,"92":1,"93":1,"94":1,"95":1,"96":1,"100":1,"104":1,"105":10,"107":10,"108":4,"109":4,"111":10,"112":1,"113":1,"114":1,"115":1,"116":0,"117":0,"118":1,"119":1,"121":10,"122":1,"123":1,"124":0,"125":1,"127":1,"128":1,"129":1,"130":1,"131":0,"132":0,"133":1,"134":1,"136":10,"137":1,"138":1,"139":1,"140":1,"141":0,"142":0,"143":1,"144":1,"146":10,"147":10,"148":10,"149":9,"151":10,"152":10,"153":10,"154":10,"155":10,"156":10,"157":10,"158":10,"159":10,"160":10,"166":10,"167":10,"168":10,"169":10,"170":10,"171":10,"173":10,"174":10,"175":10,"176":10,"178":10,"179":10,"180":10,"181":10,"187":10,"188":10,"189":10,"190":10,"191":10,"193":10,"194":10,"195":10,"196":10,"197":10,"199":10,"200":10,"201":10,"202":10,"203":10,"205":10,"206":10,"213":10,"214":10,"215":10,"216":10,"217":10,"219":10,"220":10,"221":10,"222":10,"224":10,"225":10,"226":10,"227":10,"235":10,"237":1},"branchMap":{"0":{"type":"branch","line":79,"loc":{"start":{"line":79,"column":9},"end":{"line":83,"column":17}},"locations":[{"start":{"line":79,"column":9},"end":{"line":83,"column":17}}]},"1":{"type":"branch","line":83,"loc":{"start":{"line":83,"column":12},"end":{"line":83,"column":17}},"locations":[{"start":{"line":83,"column":12},"end":{"line":83,"column":17}}]},"2":{"type":"branch","line":87,"loc":{"start":{"line":87,"column":10},"end":{"line":87,"column":44}},"locations":[{"start":{"line":87,"column":10},"end":{"line":87,"column":44}}]},"3":{"type":"branch","line":87,"loc":{"start":{"line":87,"column":19},"end":{"line":87,"column":46}},"locations":[{"start":{"line":87,"column":19},"end":{"line":87,"column":46}}]},"4":{"type":"branch","line":105,"loc":{"start":{"line":105,"column":16},"end":{"line":236,"column":2}},"locations":[{"start":{"line":105,"column":16},"end":{"line":236,"column":2}}]},"5":{"type":"branch","line":148,"loc":{"start":{"line":148,"column":16},"end":{"line":149,"column":19}},"locations":[{"start":{"line":148,"column":16},"end":{"line":149,"column":19}}]},"6":{"type":"branch","line":149,"loc":{"start":{"line":149,"column":19},"end":{"line":150,"column":62}},"locations":[{"start":{"line":149,"column":19},"end":{"line":150,"column":62}}]},"7":{"type":"branch","line":172,"loc":{"start":{"line":172,"column":29},"end":{"line":172,"column":36}},"locations":[{"start":{"line":172,"column":29},"end":{"line":172,"column":36}}]},"8":{"type":"branch","line":172,"loc":{"start":{"line":172,"column":32},"end":{"line":172,"column":38}},"locations":[{"start":{"line":172,"column":32},"end":{"line":172,"column":38}}]},"9":{"type":"branch","line":175,"loc":{"start":{"line":175,"column":31},"end":{"line":175,"column":38}},"locations":[{"start":{"line":175,"column":31},"end":{"line":175,"column":38}}]},"10":{"type":"branch","line":192,"loc":{"start":{"line":192,"column":39},"end":{"line":192,"column":51}},"locations":[{"start":{"line":192,"column":39},"end":{"line":192,"column":51}}]},"11":{"type":"branch","line":218,"loc":{"start":{"line":218,"column":32},"end":{"line":218,"column":39}},"locations":[{"start":{"line":218,"column":32},"end":{"line":218,"column":39}}]},"12":{"type":"branch","line":218,"loc":{"start":{"line":218,"column":35},"end":{"line":218,"column":41}},"locations":[{"start":{"line":218,"column":35},"end":{"line":218,"column":41}}]},"13":{"type":"branch","line":221,"loc":{"start":{"line":221,"column":34},"end":{"line":221,"column":41}},"locations":[{"start":{"line":221,"column":34},"end":{"line":221,"column":41}}]},"14":{"type":"branch","line":108,"loc":{"start":{"line":108,"column":24},"end":{"line":110,"column":4}},"locations":[{"start":{"line":108,"column":24},"end":{"line":110,"column":4}}]},"15":{"type":"branch","line":109,"loc":{"start":{"line":109,"column":20},"end":{"line":109,"column":72}},"locations":[{"start":{"line":109,"column":20},"end":{"line":109,"column":72}}]},"16":{"type":"branch","line":112,"loc":{"start":{"line":112,"column":27},"end":{"line":120,"column":4}},"locations":[{"start":{"line":112,"column":27},"end":{"line":120,"column":4}}]},"17":{"type":"branch","line":116,"loc":{"start":{"line":116,"column":4},"end":{"line":118,"column":5}},"locations":[{"start":{"line":116,"column":4},"end":{"line":118,"column":5}}]},"18":{"type":"branch","line":122,"loc":{"start":{"line":122,"column":34},"end":{"line":135,"column":4}},"locations":[{"start":{"line":122,"column":34},"end":{"line":135,"column":4}}]},"19":{"type":"branch","line":123,"loc":{"start":{"line":123,"column":52},"end":{"line":123,"column":58}},"locations":[{"start":{"line":123,"column":52},"end":{"line":123,"column":58}}]},"20":{"type":"branch","line":124,"loc":{"start":{"line":124,"column":57},"end":{"line":125,"column":60}},"locations":[{"start":{"line":124,"column":57},"end":{"line":125,"column":60}}]},"21":{"type":"branch","line":131,"loc":{"start":{"line":131,"column":4},"end":{"line":133,"column":5}},"locations":[{"start":{"line":131,"column":4},"end":{"line":133,"column":5}}]},"22":{"type":"branch","line":137,"loc":{"start":{"line":137,"column":30},"end":{"line":145,"column":4}},"locations":[{"start":{"line":137,"column":30},"end":{"line":145,"column":4}}]},"23":{"type":"branch","line":141,"loc":{"start":{"line":141,"column":4},"end":{"line":143,"column":5}},"locations":[{"start":{"line":141,"column":4},"end":{"line":143,"column":5}}]},"24":{"type":"branch","line":171,"loc":{"start":{"line":171,"column":20},"end":{"line":171,"column":48}},"locations":[{"start":{"line":171,"column":20},"end":{"line":171,"column":48}}]},"25":{"type":"branch","line":176,"loc":{"start":{"line":176,"column":22},"end":{"line":176,"column":62}},"locations":[{"start":{"line":176,"column":22},"end":{"line":176,"column":62}}]},"26":{"type":"branch","line":191,"loc":{"start":{"line":191,"column":20},"end":{"line":191,"column":56}},"locations":[{"start":{"line":191,"column":20},"end":{"line":191,"column":56}}]},"27":{"type":"branch","line":202,"loc":{"start":{"line":202,"column":48},"end":{"line":202,"column":53}},"locations":[{"start":{"line":202,"column":48},"end":{"line":202,"column":53}}]},"28":{"type":"branch","line":203,"loc":{"start":{"line":203,"column":28},"end":{"line":203,"column":71}},"locations":[{"start":{"line":203,"column":28},"end":{"line":203,"column":71}}]},"29":{"type":"branch","line":217,"loc":{"start":{"line":217,"column":20},"end":{"line":217,"column":51}},"locations":[{"start":{"line":217,"column":20},"end":{"line":217,"column":51}}]},"30":{"type":"branch","line":222,"loc":{"start":{"line":222,"column":22},"end":{"line":222,"column":65}},"locations":[{"start":{"line":222,"column":22},"end":{"line":222,"column":65}}]}},"b":{"0":[3],"1":[27],"2":[4],"3":[26],"4":[10],"5":[9],"6":[9],"7":[1],"8":[9],"9":[9],"10":[9],"11":[1],"12":[9],"13":[9],"14":[4],"15":[4],"16":[1],"17":[0],"18":[1],"19":[0],"20":[0],"21":[0],"22":[1],"23":[0],"24":[2],"25":[1],"26":[1],"27":[0],"28":[1],"29":[1],"30":[1]},"fnMap":{"0":{"name":"Filters","decl":{"start":{"line":105,"column":16},"end":{"line":236,"column":2}},"loc":{"start":{"line":105,"column":16},"end":{"line":236,"column":2}},"line":105},"1":{"name":"toggleSection","decl":{"start":{"line":108,"column":24},"end":{"line":110,"column":4}},"loc":{"start":{"line":108,"column":24},"end":{"line":110,"column":4}},"line":108},"2":{"name":"handleDietChange","decl":{"start":{"line":112,"column":27},"end":{"line":120,"column":4}},"loc":{"start":{"line":112,"column":27},"end":{"line":120,"column":4}},"line":112},"3":{"name":"handleIntoleranceChange","decl":{"start":{"line":122,"column":34},"end":{"line":135,"column":4}},"loc":{"start":{"line":122,"column":34},"end":{"line":135,"column":4}},"line":122},"4":{"name":"handleCuisineChange","decl":{"start":{"line":137,"column":30},"end":{"line":145,"column":4}},"loc":{"start":{"line":137,"column":30},"end":{"line":145,"column":4}},"line":137},"5":{"name":"onToggle","decl":{"start":{"line":171,"column":20},"end":{"line":171,"column":48}},"loc":{"start":{"line":171,"column":20},"end":{"line":171,"column":48}},"line":171},"6":{"name":"onChange","decl":{"start":{"line":176,"column":22},"end":{"line":176,"column":62}},"loc":{"start":{"line":176,"column":22},"end":{"line":176,"column":62}},"line":176},"7":{"name":"onToggle","decl":{"start":{"line":191,"column":20},"end":{"line":191,"column":56}},"loc":{"start":{"line":191,"column":20},"end":{"line":191,"column":56}},"line":191},"8":{"name":"onChange","decl":{"start":{"line":203,"column":28},"end":{"line":203,"column":71}},"loc":{"start":{"line":203,"column":28},"end":{"line":203,"column":71}},"line":203},"9":{"name":"onToggle","decl":{"start":{"line":217,"column":20},"end":{"line":217,"column":51}},"loc":{"start":{"line":217,"column":20},"end":{"line":217,"column":51}},"line":217},"10":{"name":"onChange","decl":{"start":{"line":222,"column":22},"end":{"line":222,"column":65}},"loc":{"start":{"line":222,"column":22},"end":{"line":222,"column":65}},"line":222}},"f":{"0":10,"1":4,"2":1,"3":1,"4":1,"5":2,"6":1,"7":1,"8":1,"9":1,"10":1}}
,"/Users/mcdave/code/recipe-finder/src/components/Logo.tsx": {"path":"/Users/mcdave/code/recipe-finder/src/components/Logo.tsx","all":true,"statementMap":{"4":{"start":{"line":5,"column":0},"end":{"line":5,"column":49}},"5":{"start":{"line":6,"column":0},"end":{"line":6,"column":10}},"6":{"start":{"line":7,"column":0},"end":{"line":7,"column":75}},"7":{"start":{"line":8,"column":0},"end":{"line":8,"column":37}},"8":{"start":{"line":9,"column":0},"end":{"line":9,"column":69}},"11":{"start":{"line":12,"column":0},"end":{"line":12,"column":59}},"17":{"start":{"line":18,"column":0},"end":{"line":18,"column":2}},"19":{"start":{"line":20,"column":0},"end":{"line":20,"column":20}}},"s":{"4":0,"5":0,"6":0,"7":0,"8":0,"11":0,"17":0,"19":0},"branchMap":{"0":{"type":"branch","line":1,"loc":{"start":{"line":1,"column":504},"end":{"line":20,"column":20}},"locations":[{"start":{"line":1,"column":504},"end":{"line":20,"column":20}}]}},"b":{"0":[1]},"fnMap":{"0":{"name":"(empty-report)","decl":{"start":{"line":1,"column":504},"end":{"line":20,"column":20}},"loc":{"start":{"line":1,"column":504},"end":{"line":20,"column":20}},"line":1}},"f":{"0":1}}
,"/Users/mcdave/code/recipe-finder/src/components/RecipeCard.tsx": {"path":"/Users/mcdave/code/recipe-finder/src/components/RecipeCard.tsx","all":false,"statementMap":{"1":{"start":{"line":2,"column":0},"end":{"line":2,"column":44}},"2":{"start":{"line":3,"column":0},"end":{"line":3,"column":46}},"3":{"start":{"line":4,"column":0},"end":{"line":4,"column":58}},"12":{"start":{"line":13,"column":0},"end":{"line":13,"column":21}},"13":{"start":{"line":14,"column":0},"end":{"line":14,"column":9}},"14":{"start":{"line":15,"column":0},"end":{"line":15,"column":10}},"15":{"start":{"line":16,"column":0},"end":{"line":16,"column":29}},"16":{"start":{"line":17,"column":0},"end":{"line":17,"column":19}},"17":{"start":{"line":18,"column":0},"end":{"line":18,"column":24}},"18":{"start":{"line":19,"column":0},"end":{"line":19,"column":54}},"19":{"start":{"line":20,"column":0},"end":{"line":20,"column":57}},"20":{"start":{"line":21,"column":0},"end":{"line":21,"column":54}},"22":{"start":{"line":23,"column":0},"end":{"line":23,"column":19}},"23":{"start":{"line":24,"column":0},"end":{"line":24,"column":50}},"24":{"start":{"line":25,"column":0},"end":{"line":25,"column":36}},"25":{"start":{"line":26,"column":0},"end":{"line":26,"column":39}},"26":{"start":{"line":27,"column":0},"end":{"line":27,"column":36}},"27":{"start":{"line":28,"column":0},"end":{"line":28,"column":12}},"28":{"start":{"line":29,"column":0},"end":{"line":29,"column":46}},"29":{"start":{"line":30,"column":0},"end":{"line":30,"column":5}},"30":{"start":{"line":31,"column":0},"end":{"line":31,"column":31}},"32":{"start":{"line":33,"column":0},"end":{"line":33,"column":34}},"33":{"start":{"line":34,"column":0},"end":{"line":34,"column":24}},"34":{"start":{"line":35,"column":0},"end":{"line":35,"column":27}},"35":{"start":{"line":36,"column":0},"end":{"line":36,"column":4}},"37":{"start":{"line":38,"column":0},"end":{"line":38,"column":52}},"38":{"start":{"line":39,"column":0},"end":{"line":39,"column":27}},"39":{"start":{"line":40,"column":0},"end":{"line":40,"column":31}},"40":{"start":{"line":41,"column":0},"end":{"line":41,"column":5}},"41":{"start":{"line":42,"column":0},"end":{"line":42,"column":4}},"43":{"start":{"line":44,"column":0},"end":{"line":44,"column":10}},"44":{"start":{"line":45,"column":0},"end":{"line":45,"column":12}},"45":{"start":{"line":46,"column":0},"end":{"line":46,"column":40}},"46":{"start":{"line":47,"column":0},"end":{"line":47,"column":168}},"47":{"start":{"line":48,"column":0},"end":{"line":48,"column":18}},"48":{"start":{"line":49,"column":0},"end":{"line":49,"column":19}},"49":{"start":{"line":50,"column":0},"end":{"line":50,"column":52}},"50":{"start":{"line":51,"column":0},"end":{"line":51,"column":25}},"51":{"start":{"line":52,"column":0},"end":{"line":52,"column":49}},"52":{"start":{"line":53,"column":0},"end":{"line":53,"column":29}},"53":{"start":{"line":54,"column":0},"end":{"line":54,"column":29}},"54":{"start":{"line":55,"column":0},"end":{"line":55,"column":9}},"55":{"start":{"line":56,"column":0},"end":{"line":56,"column":8}},"58":{"start":{"line":59,"column":0},"end":{"line":59,"column":28}},"59":{"start":{"line":60,"column":0},"end":{"line":60,"column":53}},"60":{"start":{"line":61,"column":0},"end":{"line":61,"column":25}},"61":{"start":{"line":62,"column":0},"end":{"line":62,"column":27}},"62":{"start":{"line":63,"column":0},"end":{"line":63,"column":35}},"63":{"start":{"line":64,"column":0},"end":{"line":64,"column":43}},"68":{"start":{"line":69,"column":0},"end":{"line":69,"column":45}},"69":{"start":{"line":70,"column":0},"end":{"line":70,"column":26}},"70":{"start":{"line":71,"column":0},"end":{"line":71,"column":72}},"72":{"start":{"line":73,"column":0},"end":{"line":73,"column":23}},"73":{"start":{"line":74,"column":0},"end":{"line":74,"column":84}},"74":{"start":{"line":75,"column":0},"end":{"line":75,"column":69}},"77":{"start":{"line":78,"column":0},"end":{"line":78,"column":14}},"78":{"start":{"line":79,"column":0},"end":{"line":79,"column":30}},"79":{"start":{"line":80,"column":0},"end":{"line":80,"column":40}},"80":{"start":{"line":81,"column":0},"end":{"line":81,"column":83}},"81":{"start":{"line":82,"column":0},"end":{"line":82,"column":56}},"82":{"start":{"line":83,"column":0},"end":{"line":83,"column":15}},"83":{"start":{"line":84,"column":0},"end":{"line":84,"column":38}},"84":{"start":{"line":85,"column":0},"end":{"line":85,"column":49}},"85":{"start":{"line":86,"column":0},"end":{"line":86,"column":26}},"89":{"start":{"line":90,"column":0},"end":{"line":90,"column":27}},"90":{"start":{"line":91,"column":0},"end":{"line":91,"column":78}},"91":{"start":{"line":92,"column":0},"end":{"line":92,"column":24}},"93":{"start":{"line":94,"column":0},"end":{"line":94,"column":68}},"94":{"start":{"line":95,"column":0},"end":{"line":95,"column":52}},"95":{"start":{"line":96,"column":0},"end":{"line":96,"column":58}},"96":{"start":{"line":97,"column":0},"end":{"line":97,"column":75}},"98":{"start":{"line":99,"column":0},"end":{"line":99,"column":52}},"99":{"start":{"line":100,"column":0},"end":{"line":100,"column":54}},"100":{"start":{"line":101,"column":0},"end":{"line":101,"column":37}},"101":{"start":{"line":102,"column":0},"end":{"line":102,"column":35}},"102":{"start":{"line":103,"column":0},"end":{"line":103,"column":22}},"103":{"start":{"line":104,"column":0},"end":{"line":104,"column":38}},"104":{"start":{"line":105,"column":0},"end":{"line":105,"column":22}},"105":{"start":{"line":106,"column":0},"end":{"line":106,"column":38}},"106":{"start":{"line":107,"column":0},"end":{"line":107,"column":28}},"107":{"start":{"line":108,"column":0},"end":{"line":108,"column":32}},"108":{"start":{"line":109,"column":0},"end":{"line":109,"column":24}},"109":{"start":{"line":110,"column":0},"end":{"line":110,"column":78}},"115":{"start":{"line":116,"column":0},"end":{"line":116,"column":2}},"117":{"start":{"line":118,"column":0},"end":{"line":118,"column":26}}},"s":{"1":1,"2":1,"3":1,"12":1,"13":7,"14":7,"15":7,"16":7,"17":7,"18":7,"19":7,"20":7,"22":7,"23":6,"24":6,"25":6,"26":0,"27":6,"28":6,"29":6,"30":7,"32":7,"33":1,"34":1,"35":1,"37":7,"38":0,"39":0,"40":0,"41":0,"43":7,"44":7,"45":7,"46":7,"47":7,"48":7,"49":7,"50":7,"51":1,"52":1,"53":1,"54":1,"55":1,"58":7,"59":7,"60":7,"61":7,"62":7,"63":7,"68":7,"69":7,"70":7,"72":7,"73":1,"74":1,"77":7,"78":7,"79":7,"80":7,"81":7,"82":7,"83":7,"84":7,"85":7,"89":7,"90":7,"91":7,"93":7,"94":7,"95":7,"96":7,"98":7,"99":7,"100":7,"101":7,"102":0,"103":7,"104":0,"105":7,"106":7,"107":0,"108":7,"109":7,"115":7,"117":1},"branchMap":{"0":{"type":"branch","line":13,"loc":{"start":{"line":13,"column":19},"end":{"line":116,"column":2}},"locations":[{"start":{"line":13,"column":19},"end":{"line":116,"column":2}}]},"1":{"type":"branch","line":73,"loc":{"start":{"line":73,"column":9},"end":{"line":78,"column":11}},"locations":[{"start":{"line":73,"column":9},"end":{"line":78,"column":11}}]},"2":{"type":"branch","line":82,"loc":{"start":{"line":82,"column":29},"end":{"line":82,"column":56}},"locations":[{"start":{"line":82,"column":29},"end":{"line":82,"column":56}}]},"3":{"type":"branch","line":102,"loc":{"start":{"line":102,"column":34},"end":{"line":103,"column":22}},"locations":[{"start":{"line":102,"column":34},"end":{"line":103,"column":22}}]},"4":{"type":"branch","line":104,"loc":{"start":{"line":104,"column":37},"end":{"line":105,"column":22}},"locations":[{"start":{"line":104,"column":37},"end":{"line":105,"column":22}}]},"5":{"type":"branch","line":107,"loc":{"start":{"line":107,"column":18},"end":{"line":108,"column":32}},"locations":[{"start":{"line":107,"column":18},"end":{"line":108,"column":32}}]},"6":{"type":"branch","line":110,"loc":{"start":{"line":110,"column":51},"end":{"line":110,"column":67}},"locations":[{"start":{"line":110,"column":51},"end":{"line":110,"column":67}}]},"7":{"type":"branch","line":23,"loc":{"start":{"line":23,"column":12},"end":{"line":31,"column":5}},"locations":[{"start":{"line":23,"column":12},"end":{"line":31,"column":5}}]},"8":{"type":"branch","line":26,"loc":{"start":{"line":26,"column":38},"end":{"line":28,"column":11}},"locations":[{"start":{"line":26,"column":38},"end":{"line":28,"column":11}}]},"9":{"type":"branch","line":33,"loc":{"start":{"line":33,"column":27},"end":{"line":36,"column":4}},"locations":[{"start":{"line":33,"column":27},"end":{"line":36,"column":4}}]},"10":{"type":"branch","line":46,"loc":{"start":{"line":46,"column":15},"end":{"line":46,"column":40}},"locations":[{"start":{"line":46,"column":15},"end":{"line":46,"column":40}}]},"11":{"type":"branch","line":51,"loc":{"start":{"line":51,"column":17},"end":{"line":56,"column":8}},"locations":[{"start":{"line":51,"column":17},"end":{"line":56,"column":8}}]},"12":{"type":"branch","line":52,"loc":{"start":{"line":52,"column":22},"end":{"line":52,"column":48}},"locations":[{"start":{"line":52,"column":22},"end":{"line":52,"column":48}}]}},"b":{"0":[7],"1":[1],"2":[0],"3":[0],"4":[0],"5":[0],"6":[0],"7":[6],"8":[0],"9":[1],"10":[1],"11":[1],"12":[0]},"fnMap":{"0":{"name":"RecipeCard","decl":{"start":{"line":13,"column":19},"end":{"line":116,"column":2}},"loc":{"start":{"line":13,"column":19},"end":{"line":116,"column":2}},"line":13},"1":{"name":"handleImageError","decl":{"start":{"line":33,"column":27},"end":{"line":36,"column":4}},"loc":{"start":{"line":33,"column":27},"end":{"line":36,"column":4}},"line":33},"2":{"name":"handleFavoriteToggle","decl":{"start":{"line":38,"column":31},"end":{"line":42,"column":4}},"loc":{"start":{"line":38,"column":31},"end":{"line":42,"column":4}},"line":38},"3":{"name":"onClick","decl":{"start":{"line":46,"column":15},"end":{"line":46,"column":40}},"loc":{"start":{"line":46,"column":15},"end":{"line":46,"column":40}},"line":46},"4":{"name":"onKeyDown","decl":{"start":{"line":51,"column":17},"end":{"line":56,"column":8}},"loc":{"start":{"line":51,"column":17},"end":{"line":56,"column":8}},"line":51},"5":{"name":"onLoad","decl":{"start":{"line":85,"column":20},"end":{"line":85,"column":49}},"loc":{"start":{"line":85,"column":20},"end":{"line":85,"column":49}},"line":85}},"f":{"0":7,"1":1,"2":0,"3":1,"4":1,"5":0}}
,"/Users/mcdave/code/recipe-finder/src/components/SearchBar.tsx": {"path":"/Users/mcdave/code/recipe-finder/src/components/SearchBar.tsx","all":false,"statementMap":{"0":{"start":{"line":1,"column":0},"end":{"line":1,"column":52}},"6":{"start":{"line":7,"column":0},"end":{"line":7,"column":53}},"7":{"start":{"line":8,"column":0},"end":{"line":8,"column":53}},"8":{"start":{"line":9,"column":0},"end":{"line":9,"column":68}},"9":{"start":{"line":10,"column":0},"end":{"line":10,"column":52}},"10":{"start":{"line":11,"column":0},"end":{"line":11,"column":50}},"12":{"start":{"line":13,"column":0},"end":{"line":13,"column":25}},"13":{"start":{"line":14,"column":0},"end":{"line":14,"column":19}},"14":{"start":{"line":15,"column":0},"end":{"line":15,"column":27}},"15":{"start":{"line":16,"column":0},"end":{"line":16,"column":31}},"16":{"start":{"line":17,"column":0},"end":{"line":17,"column":5}},"17":{"start":{"line":18,"column":0},"end":{"line":18,"column":9}},"19":{"start":{"line":20,"column":0},"end":{"line":20,"column":53}},"20":{"start":{"line":21,"column":0},"end":{"line":21,"column":24}},"21":{"start":{"line":22,"column":0},"end":{"line":22,"column":65}},"22":{"start":{"line":23,"column":0},"end":{"line":23,"column":25}},"23":{"start":{"line":24,"column":0},"end":{"line":24,"column":19}},"24":{"start":{"line":25,"column":0},"end":{"line":25,"column":5}},"26":{"start":{"line":27,"column":0},"end":{"line":27,"column":60}},"27":{"start":{"line":28,"column":0},"end":{"line":28,"column":34}},"28":{"start":{"line":29,"column":0},"end":{"line":29,"column":48}},"29":{"start":{"line":30,"column":0},"end":{"line":30,"column":25}},"30":{"start":{"line":31,"column":0},"end":{"line":31,"column":19}},"31":{"start":{"line":32,"column":0},"end":{"line":32,"column":5}},"33":{"start":{"line":34,"column":0},"end":{"line":34,"column":24}},"34":{"start":{"line":35,"column":0},"end":{"line":35,"column":16}},"35":{"start":{"line":36,"column":0},"end":{"line":36,"column":4}},"37":{"start":{"line":38,"column":0},"end":{"line":38,"column":48}},"38":{"start":{"line":39,"column":0},"end":{"line":39,"column":23}},"39":{"start":{"line":40,"column":0},"end":{"line":40,"column":37}},"40":{"start":{"line":41,"column":0},"end":{"line":41,"column":35}},"41":{"start":{"line":42,"column":0},"end":{"line":42,"column":5}},"42":{"start":{"line":43,"column":0},"end":{"line":43,"column":4}},"44":{"start":{"line":45,"column":0},"end":{"line":45,"column":73}},"45":{"start":{"line":46,"column":0},"end":{"line":46,"column":35}},"46":{"start":{"line":47,"column":0},"end":{"line":47,"column":48}},"47":{"start":{"line":48,"column":0},"end":{"line":48,"column":21}},"48":{"start":{"line":49,"column":0},"end":{"line":49,"column":26}},"49":{"start":{"line":50,"column":0},"end":{"line":50,"column":5}},"50":{"start":{"line":51,"column":0},"end":{"line":51,"column":4}},"52":{"start":{"line":53,"column":0},"end":{"line":53,"column":45}},"53":{"start":{"line":54,"column":0},"end":{"line":54,"column":19}},"54":{"start":{"line":55,"column":0},"end":{"line":55,"column":20}},"55":{"start":{"line":56,"column":0},"end":{"line":56,"column":38}},"56":{"start":{"line":57,"column":0},"end":{"line":57,"column":28}},"57":{"start":{"line":58,"column":0},"end":{"line":58,"column":53}},"58":{"start":{"line":59,"column":0},"end":{"line":59,"column":39}},"59":{"start":{"line":60,"column":0},"end":{"line":60,"column":5}},"60":{"start":{"line":61,"column":0},"end":{"line":61,"column":18}},"62":{"start":{"line":63,"column":0},"end":{"line":63,"column":10}},"63":{"start":{"line":64,"column":0},"end":{"line":64,"column":53}},"64":{"start":{"line":65,"column":0},"end":{"line":65,"column":43}},"65":{"start":{"line":66,"column":0},"end":{"line":66,"column":74}},"66":{"start":{"line":67,"column":0},"end":{"line":67,"column":16}},"67":{"start":{"line":68,"column":0},"end":{"line":68,"column":26}},"68":{"start":{"line":69,"column":0},"end":{"line":69,"column":23}},"69":{"start":{"line":70,"column":0},"end":{"line":70,"column":31}},"70":{"start":{"line":71,"column":0},"end":{"line":71,"column":40}},"71":{"start":{"line":72,"column":0},"end":{"line":72,"column":47}},"72":{"start":{"line":73,"column":0},"end":{"line":73,"column":61}},"73":{"start":{"line":74,"column":0},"end":{"line":74,"column":24}},"74":{"start":{"line":75,"column":0},"end":{"line":75,"column":53}},"75":{"start":{"line":76,"column":0},"end":{"line":76,"column":55}},"76":{"start":{"line":77,"column":0},"end":{"line":77,"column":93}},"77":{"start":{"line":78,"column":0},"end":{"line":78,"column":39}},"78":{"start":{"line":79,"column":0},"end":{"line":79,"column":39}},"79":{"start":{"line":80,"column":0},"end":{"line":80,"column":70}},"81":{"start":{"line":82,"column":0},"end":{"line":82,"column":17}},"82":{"start":{"line":83,"column":0},"end":{"line":83,"column":25}},"83":{"start":{"line":84,"column":0},"end":{"line":84,"column":222}},"84":{"start":{"line":85,"column":0},"end":{"line":85,"column":11}},"88":{"start":{"line":89,"column":0},"end":{"line":89,"column":24}},"89":{"start":{"line":90,"column":0},"end":{"line":90,"column":14}},"90":{"start":{"line":91,"column":0},"end":{"line":91,"column":29}},"91":{"start":{"line":92,"column":0},"end":{"line":92,"column":88}},"92":{"start":{"line":93,"column":0},"end":{"line":93,"column":24}},"94":{"start":{"line":95,"column":0},"end":{"line":95,"column":24}},"100":{"start":{"line":101,"column":0},"end":{"line":101,"column":2}},"102":{"start":{"line":103,"column":0},"end":{"line":103,"column":25}}},"s":{"0":1,"6":1,"7":33,"8":33,"9":33,"10":33,"12":33,"13":33,"14":7,"15":7,"16":7,"17":33,"19":33,"20":5,"21":2,"22":2,"23":2,"24":2,"26":3,"27":5,"28":1,"29":1,"30":1,"31":1,"33":2,"34":2,"35":2,"37":33,"38":5,"39":5,"40":2,"41":2,"42":5,"44":33,"45":21,"46":21,"47":21,"48":1,"49":1,"50":21,"52":33,"53":33,"54":10,"55":3,"56":0,"57":3,"58":3,"59":3,"60":33,"62":33,"63":33,"64":33,"65":33,"66":33,"67":33,"68":33,"69":33,"70":33,"71":33,"72":33,"73":33,"74":3,"75":30,"76":33,"77":33,"78":33,"79":33,"81":33,"82":33,"83":33,"84":33,"88":33,"89":33,"90":33,"91":33,"92":33,"94":33,"100":33,"102":1},"branchMap":{"0":{"type":"branch","line":7,"loc":{"start":{"line":7,"column":18},"end":{"line":101,"column":2}},"locations":[{"start":{"line":7,"column":18},"end":{"line":101,"column":2}}]},"1":{"type":"branch","line":66,"loc":{"start":{"line":66,"column":38},"end":{"line":66,"column":68}},"locations":[{"start":{"line":66,"column":38},"end":{"line":66,"column":68}}]},"2":{"type":"branch","line":66,"loc":{"start":{"line":66,"column":50},"end":{"line":66,"column":72}},"locations":[{"start":{"line":66,"column":50},"end":{"line":66,"column":72}}]},"3":{"type":"branch","line":74,"loc":{"start":{"line":74,"column":14},"end":{"line":75,"column":53}},"locations":[{"start":{"line":74,"column":14},"end":{"line":75,"column":53}}]},"4":{"type":"branch","line":75,"loc":{"start":{"line":75,"column":18},"end":{"line":76,"column":55}},"locations":[{"start":{"line":75,"column":18},"end":{"line":76,"column":55}}]},"5":{"type":"branch","line":80,"loc":{"start":{"line":80,"column":30},"end":{"line":80,"column":60}},"locations":[{"start":{"line":80,"column":30},"end":{"line":80,"column":60}}]},"6":{"type":"branch","line":80,"loc":{"start":{"line":80,"column":43},"end":{"line":80,"column":70}},"locations":[{"start":{"line":80,"column":43},"end":{"line":80,"column":70}}]},"7":{"type":"branch","line":14,"loc":{"start":{"line":14,"column":12},"end":{"line":18,"column":5}},"locations":[{"start":{"line":14,"column":12},"end":{"line":18,"column":5}}]},"8":{"type":"branch","line":20,"loc":{"start":{"line":20,"column":24},"end":{"line":36,"column":4}},"locations":[{"start":{"line":20,"column":24},"end":{"line":36,"column":4}}]},"9":{"type":"branch","line":21,"loc":{"start":{"line":21,"column":23},"end":{"line":25,"column":5}},"locations":[{"start":{"line":21,"column":23},"end":{"line":25,"column":5}}]},"10":{"type":"branch","line":25,"loc":{"start":{"line":25,"column":4},"end":{"line":28,"column":33}},"locations":[{"start":{"line":25,"column":4},"end":{"line":28,"column":33}}]},"11":{"type":"branch","line":28,"loc":{"start":{"line":28,"column":33},"end":{"line":32,"column":5}},"locations":[{"start":{"line":28,"column":33},"end":{"line":32,"column":5}}]},"12":{"type":"branch","line":32,"loc":{"start":{"line":32,"column":4},"end":{"line":36,"column":4}},"locations":[{"start":{"line":32,"column":4},"end":{"line":36,"column":4}}]},"13":{"type":"branch","line":38,"loc":{"start":{"line":38,"column":23},"end":{"line":43,"column":4}},"locations":[{"start":{"line":38,"column":23},"end":{"line":43,"column":4}}]},"14":{"type":"branch","line":40,"loc":{"start":{"line":40,"column":36},"end":{"line":42,"column":5}},"locations":[{"start":{"line":40,"column":36},"end":{"line":42,"column":5}}]},"15":{"type":"branch","line":45,"loc":{"start":{"line":45,"column":28},"end":{"line":51,"column":4}},"locations":[{"start":{"line":45,"column":28},"end":{"line":51,"column":4}}]},"16":{"type":"branch","line":48,"loc":{"start":{"line":48,"column":20},"end":{"line":50,"column":5}},"locations":[{"start":{"line":48,"column":20},"end":{"line":50,"column":5}}]},"17":{"type":"branch","line":54,"loc":{"start":{"line":54,"column":12},"end":{"line":61,"column":5}},"locations":[{"start":{"line":54,"column":12},"end":{"line":61,"column":5}}]},"18":{"type":"branch","line":55,"loc":{"start":{"line":55,"column":19},"end":{"line":60,"column":5}},"locations":[{"start":{"line":55,"column":19},"end":{"line":60,"column":5}}]},"19":{"type":"branch","line":59,"loc":{"start":{"line":59,"column":13},"end":{"line":59,"column":39}},"locations":[{"start":{"line":59,"column":13},"end":{"line":59,"column":39}}]}},"b":{"0":[33],"1":[4],"2":[29],"3":[3],"4":[30],"5":[3],"6":[30],"7":[7],"8":[5],"9":[2],"10":[3],"11":[1],"12":[2],"13":[5],"14":[2],"15":[21],"16":[1],"17":[10],"18":[3],"19":[3]},"fnMap":{"0":{"name":"SearchBar","decl":{"start":{"line":7,"column":18},"end":{"line":101,"column":2}},"loc":{"start":{"line":7,"column":18},"end":{"line":101,"column":2}},"line":7},"1":{"name":"validateQuery","decl":{"start":{"line":20,"column":24},"end":{"line":36,"column":4}},"loc":{"start":{"line":20,"column":24},"end":{"line":36,"column":4}},"line":20},"2":{"name":"handleSubmit","decl":{"start":{"line":38,"column":23},"end":{"line":43,"column":4}},"loc":{"start":{"line":38,"column":23},"end":{"line":43,"column":4}},"line":38},"3":{"name":"handleInputChange","decl":{"start":{"line":45,"column":28},"end":{"line":51,"column":4}},"loc":{"start":{"line":45,"column":28},"end":{"line":51,"column":4}},"line":45}},"f":{"0":33,"1":5,"2":5,"3":21}}
,"/Users/mcdave/code/recipe-finder/src/hooks/usePersistedFilters.ts": {"path":"/Users/mcdave/code/recipe-finder/src/hooks/usePersistedFilters.ts","all":false,"statementMap":{"0":{"start":{"line":1,"column":0},"end":{"line":1,"column":44}},"3":{"start":{"line":4,"column":0},"end":{"line":4,"column":44}},"5":{"start":{"line":6,"column":0},"end":{"line":6,"column":42}},"6":{"start":{"line":7,"column":0},"end":{"line":7,"column":55}},"7":{"start":{"line":8,"column":0},"end":{"line":8,"column":63}},"8":{"start":{"line":9,"column":0},"end":{"line":9,"column":59}},"9":{"start":{"line":10,"column":0},"end":{"line":10,"column":56}},"10":{"start":{"line":11,"column":0},"end":{"line":11,"column":5}},"12":{"start":{"line":13,"column":0},"end":{"line":13,"column":49}},"13":{"start":{"line":14,"column":0},"end":{"line":14,"column":19}},"14":{"start":{"line":15,"column":0},"end":{"line":15,"column":63}},"15":{"start":{"line":16,"column":0},"end":{"line":16,"column":16}},"17":{"start":{"line":18,"column":0},"end":{"line":18,"column":56}},"18":{"start":{"line":19,"column":0},"end":{"line":19,"column":27}},"19":{"start":{"line":20,"column":0},"end":{"line":20,"column":4}},"21":{"start":{"line":22,"column":0},"end":{"line":22,"column":71}},"22":{"start":{"line":23,"column":0},"end":{"line":23,"column":43}},"23":{"start":{"line":24,"column":0},"end":{"line":24,"column":18}},"24":{"start":{"line":25,"column":0},"end":{"line":25,"column":19}},"25":{"start":{"line":26,"column":0},"end":{"line":26,"column":71}},"26":{"start":{"line":27,"column":0},"end":{"line":27,"column":9}},"27":{"start":{"line":28,"column":0},"end":{"line":28,"column":12}},"28":{"start":{"line":29,"column":0},"end":{"line":29,"column":40}},"29":{"start":{"line":30,"column":0},"end":{"line":30,"column":30}},"30":{"start":{"line":31,"column":0},"end":{"line":31,"column":29}},"31":{"start":{"line":32,"column":0},"end":{"line":32,"column":5}},"32":{"start":{"line":33,"column":0},"end":{"line":33,"column":4}},"34":{"start":{"line":35,"column":0},"end":{"line":35,"column":30}},"35":{"start":{"line":36,"column":0},"end":{"line":36,"column":19}},"36":{"start":{"line":37,"column":0},"end":{"line":37,"column":4}},"38":{"start":{"line":39,"column":0},"end":{"line":39,"column":10}},"39":{"start":{"line":40,"column":0},"end":{"line":40,"column":12}},"40":{"start":{"line":41,"column":0},"end":{"line":41,"column":15}},"41":{"start":{"line":42,"column":0},"end":{"line":42,"column":18}},"42":{"start":{"line":43,"column":0},"end":{"line":43,"column":17}},"43":{"start":{"line":44,"column":0},"end":{"line":44,"column":17}},"44":{"start":{"line":45,"column":0},"end":{"line":45,"column":4}},"45":{"start":{"line":46,"column":0},"end":{"line":46,"column":2}}},"s":{"0":1,"3":1,"5":1,"6":12,"7":12,"8":7,"9":7,"10":7,"12":12,"13":12,"14":12,"15":12,"17":12,"18":1,"19":1,"21":12,"22":2,"23":1,"24":1,"25":1,"26":1,"27":1,"28":1,"29":1,"30":1,"31":1,"32":2,"34":12,"35":1,"36":1,"38":12,"39":12,"40":12,"41":12,"42":12,"43":12,"44":12,"45":12},"branchMap":{"0":{"type":"branch","line":6,"loc":{"start":{"line":6,"column":35},"end":{"line":46,"column":2}},"locations":[{"start":{"line":6,"column":35},"end":{"line":46,"column":2}}]},"1":{"type":"branch","line":8,"loc":{"start":{"line":8,"column":56},"end":{"line":11,"column":5}},"locations":[{"start":{"line":8,"column":56},"end":{"line":11,"column":5}}]},"2":{"type":"branch","line":10,"loc":{"start":{"line":10,"column":11},"end":{"line":10,"column":53}},"locations":[{"start":{"line":10,"column":11},"end":{"line":10,"column":53}}]},"3":{"type":"branch","line":10,"loc":{"start":{"line":10,"column":37},"end":{"line":10,"column":56}},"locations":[{"start":{"line":10,"column":37},"end":{"line":10,"column":56}}]},"4":{"type":"branch","line":14,"loc":{"start":{"line":14,"column":12},"end":{"line":16,"column":5}},"locations":[{"start":{"line":14,"column":12},"end":{"line":16,"column":5}}]},"5":{"type":"branch","line":18,"loc":{"start":{"line":18,"column":24},"end":{"line":20,"column":4}},"locations":[{"start":{"line":18,"column":24},"end":{"line":20,"column":4}}]},"6":{"type":"branch","line":22,"loc":{"start":{"line":22,"column":23},"end":{"line":33,"column":4}},"locations":[{"start":{"line":22,"column":23},"end":{"line":33,"column":4}}]},"7":{"type":"branch","line":23,"loc":{"start":{"line":23,"column":17},"end":{"line":23,"column":42}},"locations":[{"start":{"line":23,"column":17},"end":{"line":23,"column":42}}]},"8":{"type":"branch","line":23,"loc":{"start":{"line":23,"column":42},"end":{"line":32,"column":5}},"locations":[{"start":{"line":23,"column":42},"end":{"line":32,"column":5}}]},"9":{"type":"branch","line":26,"loc":{"start":{"line":26,"column":51},"end":{"line":26,"column":71}},"locations":[{"start":{"line":26,"column":51},"end":{"line":26,"column":71}}]},"10":{"type":"branch","line":35,"loc":{"start":{"line":35,"column":23},"end":{"line":37,"column":4}},"locations":[{"start":{"line":35,"column":23},"end":{"line":37,"column":4}}]}},"b":{"0":[12],"1":[7],"2":[4],"3":[3],"4":[12],"5":[1],"6":[2],"7":[1],"8":[1],"9":[2],"10":[1]},"fnMap":{"0":{"name":"usePersistedFilters","decl":{"start":{"line":6,"column":35},"end":{"line":46,"column":2}},"loc":{"start":{"line":6,"column":35},"end":{"line":46,"column":2}},"line":6},"1":{"name":"updateFilters","decl":{"start":{"line":18,"column":24},"end":{"line":20,"column":4}},"loc":{"start":{"line":18,"column":24},"end":{"line":20,"column":4}},"line":18},"2":{"name":"removeFilter","decl":{"start":{"line":22,"column":23},"end":{"line":33,"column":4}},"loc":{"start":{"line":22,"column":23},"end":{"line":33,"column":4}},"line":22},"3":{"name":"clearFilters","decl":{"start":{"line":35,"column":23},"end":{"line":37,"column":4}},"loc":{"start":{"line":35,"column":23},"end":{"line":37,"column":4}},"line":35}},"f":{"0":12,"1":1,"2":2,"3":1}}
,"/Users/mcdave/code/recipe-finder/src/hooks/usePersistedSearchResults.ts": {"path":"/Users/mcdave/code/recipe-finder/src/hooks/usePersistedSearchResults.ts","all":false,"statementMap":{"0":{"start":{"line":1,"column":0},"end":{"line":1,"column":44}},"3":{"start":{"line":4,"column":0},"end":{"line":4,"column":48}},"4":{"start":{"line":5,"column":0},"end":{"line":5,"column":58}},"5":{"start":{"line":6,"column":0},"end":{"line":6,"column":48}},"6":{"start":{"line":7,"column":0},"end":{"line":7,"column":63}},"7":{"start":{"line":8,"column":0},"end":{"line":8,"column":56}},"8":{"start":{"line":9,"column":0},"end":{"line":9,"column":5}},"10":{"start":{"line":11,"column":0},"end":{"line":11,"column":60}},"11":{"start":{"line":12,"column":0},"end":{"line":12,"column":51}},"12":{"start":{"line":13,"column":0},"end":{"line":13,"column":5}},"14":{"start":{"line":15,"column":0},"end":{"line":15,"column":57}},"16":{"start":{"line":17,"column":0},"end":{"line":17,"column":59}},"17":{"start":{"line":18,"column":0},"end":{"line":18,"column":59}},"18":{"start":{"line":19,"column":0},"end":{"line":19,"column":30}},"19":{"start":{"line":20,"column":0},"end":{"line":20,"column":5}},"21":{"start":{"line":22,"column":0},"end":{"line":22,"column":63}},"22":{"start":{"line":23,"column":0},"end":{"line":23,"column":19}},"23":{"start":{"line":24,"column":0},"end":{"line":24,"column":67}},"24":{"start":{"line":25,"column":0},"end":{"line":25,"column":16}},"26":{"start":{"line":27,"column":0},"end":{"line":27,"column":19}},"27":{"start":{"line":28,"column":0},"end":{"line":28,"column":49}},"28":{"start":{"line":29,"column":0},"end":{"line":29,"column":18}},"30":{"start":{"line":31,"column":0},"end":{"line":31,"column":19}},"31":{"start":{"line":32,"column":0},"end":{"line":32,"column":16}},"32":{"start":{"line":33,"column":0},"end":{"line":33,"column":49}},"33":{"start":{"line":34,"column":0},"end":{"line":34,"column":12}},"34":{"start":{"line":35,"column":0},"end":{"line":35,"column":45}},"35":{"start":{"line":36,"column":0},"end":{"line":36,"column":5}},"36":{"start":{"line":37,"column":0},"end":{"line":37,"column":14}},"38":{"start":{"line":39,"column":0},"end":{"line":39,"column":10}},"39":{"start":{"line":40,"column":0},"end":{"line":40,"column":12}},"40":{"start":{"line":41,"column":0},"end":{"line":41,"column":15}},"41":{"start":{"line":42,"column":0},"end":{"line":42,"column":14}},"42":{"start":{"line":43,"column":0},"end":{"line":43,"column":17}},"43":{"start":{"line":44,"column":0},"end":{"line":44,"column":12}},"44":{"start":{"line":45,"column":0},"end":{"line":45,"column":15}},"45":{"start":{"line":46,"column":0},"end":{"line":46,"column":10}},"46":{"start":{"line":47,"column":0},"end":{"line":47,"column":13}},"47":{"start":{"line":48,"column":0},"end":{"line":48,"column":4}},"48":{"start":{"line":49,"column":0},"end":{"line":49,"column":2}}},"s":{"0":1,"3":1,"4":12,"5":7,"6":7,"7":7,"8":7,"10":12,"11":7,"12":7,"14":12,"16":12,"17":7,"18":7,"19":7,"21":12,"22":12,"23":8,"24":12,"26":12,"27":8,"28":12,"30":12,"31":9,"32":3,"33":9,"34":6,"35":6,"36":12,"38":12,"39":12,"40":12,"41":12,"42":12,"43":12,"44":12,"45":12,"46":12,"47":12,"48":12},"branchMap":{"0":{"type":"branch","line":4,"loc":{"start":{"line":4,"column":41},"end":{"line":49,"column":2}},"locations":[{"start":{"line":4,"column":41},"end":{"line":49,"column":2}}]},"1":{"type":"branch","line":5,"loc":{"start":{"line":5,"column":51},"end":{"line":9,"column":5}},"locations":[{"start":{"line":5,"column":51},"end":{"line":9,"column":5}}]},"2":{"type":"branch","line":8,"loc":{"start":{"line":8,"column":11},"end":{"line":8,"column":53}},"locations":[{"start":{"line":8,"column":11},"end":{"line":8,"column":53}}]},"3":{"type":"branch","line":8,"loc":{"start":{"line":8,"column":37},"end":{"line":8,"column":55}},"locations":[{"start":{"line":8,"column":37},"end":{"line":8,"column":55}}]},"4":{"type":"branch","line":11,"loc":{"start":{"line":11,"column":53},"end":{"line":13,"column":5}},"locations":[{"start":{"line":11,"column":53},"end":{"line":13,"column":5}}]},"5":{"type":"branch","line":12,"loc":{"start":{"line":12,"column":32},"end":{"line":12,"column":51}},"locations":[{"start":{"line":12,"column":32},"end":{"line":12,"column":51}}]},"6":{"type":"branch","line":17,"loc":{"start":{"line":17,"column":52},"end":{"line":20,"column":5}},"locations":[{"start":{"line":17,"column":52},"end":{"line":20,"column":5}}]},"7":{"type":"branch","line":19,"loc":{"start":{"line":19,"column":11},"end":{"line":19,"column":30}},"locations":[{"start":{"line":19,"column":11},"end":{"line":19,"column":30}}]},"8":{"type":"branch","line":23,"loc":{"start":{"line":23,"column":12},"end":{"line":25,"column":5}},"locations":[{"start":{"line":23,"column":12},"end":{"line":25,"column":5}}]},"9":{"type":"branch","line":27,"loc":{"start":{"line":27,"column":12},"end":{"line":29,"column":5}},"locations":[{"start":{"line":27,"column":12},"end":{"line":29,"column":5}}]},"10":{"type":"branch","line":31,"loc":{"start":{"line":31,"column":12},"end":{"line":37,"column":5}},"locations":[{"start":{"line":31,"column":12},"end":{"line":37,"column":5}}]},"11":{"type":"branch","line":32,"loc":{"start":{"line":32,"column":15},"end":{"line":34,"column":11}},"locations":[{"start":{"line":32,"column":15},"end":{"line":34,"column":11}}]},"12":{"type":"branch","line":34,"loc":{"start":{"line":34,"column":4},"end":{"line":36,"column":5}},"locations":[{"start":{"line":34,"column":4},"end":{"line":36,"column":5}}]}},"b":{"0":[12],"1":[7],"2":[1],"3":[6],"4":[7],"5":[6],"6":[7],"7":[5],"8":[8],"9":[8],"10":[9],"11":[3],"12":[6]},"fnMap":{"0":{"name":"usePersistedSearchResults","decl":{"start":{"line":4,"column":41},"end":{"line":49,"column":2}},"loc":{"start":{"line":4,"column":41},"end":{"line":49,"column":2}},"line":4}},"f":{"0":12}}
,"/Users/mcdave/code/recipe-finder/src/pages/Favorites.tsx": {"path":"/Users/mcdave/code/recipe-finder/src/pages/Favorites.tsx","all":true,"statementMap":{"0":{"start":{"line":1,"column":0},"end":{"line":1,"column":44}},"1":{"start":{"line":2,"column":0},"end":{"line":2,"column":47}},"3":{"start":{"line":4,"column":0},"end":{"line":4,"column":50}},"4":{"start":{"line":5,"column":0},"end":{"line":5,"column":38}},"5":{"start":{"line":6,"column":0},"end":{"line":6,"column":60}},"7":{"start":{"line":8,"column":0},"end":{"line":8,"column":25}},"8":{"start":{"line":9,"column":0},"end":{"line":9,"column":59}},"9":{"start":{"line":10,"column":0},"end":{"line":10,"column":33}},"11":{"start":{"line":12,"column":0},"end":{"line":12,"column":19}},"12":{"start":{"line":13,"column":0},"end":{"line":13,"column":39}},"13":{"start":{"line":14,"column":0},"end":{"line":14,"column":62}},"14":{"start":{"line":15,"column":0},"end":{"line":15,"column":26}},"15":{"start":{"line":16,"column":0},"end":{"line":16,"column":48}},"16":{"start":{"line":17,"column":0},"end":{"line":17,"column":5}},"17":{"start":{"line":18,"column":0},"end":{"line":18,"column":9}},"19":{"start":{"line":20,"column":0},"end":{"line":20,"column":51}},"20":{"start":{"line":21,"column":0},"end":{"line":21,"column":36}},"21":{"start":{"line":22,"column":0},"end":{"line":22,"column":4}},"23":{"start":{"line":24,"column":0},"end":{"line":24,"column":30}},"24":{"start":{"line":25,"column":0},"end":{"line":25,"column":18}},"25":{"start":{"line":26,"column":0},"end":{"line":26,"column":4}},"27":{"start":{"line":28,"column":0},"end":{"line":28,"column":52}},"28":{"start":{"line":29,"column":0},"end":{"line":29,"column":80}},"29":{"start":{"line":30,"column":0},"end":{"line":30,"column":77}},"30":{"start":{"line":31,"column":0},"end":{"line":31,"column":72}},"31":{"start":{"line":32,"column":0},"end":{"line":32,"column":35}},"32":{"start":{"line":33,"column":0},"end":{"line":33,"column":4}},"34":{"start":{"line":35,"column":0},"end":{"line":35,"column":10}},"35":{"start":{"line":36,"column":0},"end":{"line":36,"column":81}},"36":{"start":{"line":37,"column":0},"end":{"line":37,"column":59}},"37":{"start":{"line":38,"column":0},"end":{"line":38,"column":49}},"39":{"start":{"line":40,"column":0},"end":{"line":40,"column":43}},"40":{"start":{"line":41,"column":0},"end":{"line":41,"column":50}},"41":{"start":{"line":42,"column":0},"end":{"line":42,"column":19}},"42":{"start":{"line":43,"column":0},"end":{"line":43,"column":36}},"43":{"start":{"line":44,"column":0},"end":{"line":44,"column":89}},"44":{"start":{"line":45,"column"
[...]
e":258,"column":0},"end":{"line":258,"column":25}},"259":{"start":{"line":260,"column":0},"end":{"line":260,"column":33}},"268":{"start":{"line":269,"column":0},"end":{"line":269,"column":38}},"269":{"start":{"line":270,"column":0},"end":{"line":270,"column":55}},"270":{"start":{"line":271,"column":0},"end":{"line":271,"column":30}},"271":{"start":{"line":272,"column":0},"end":{"line":272,"column":39}},"272":{"start":{"line":273,"column":0},"end":{"line":273,"column":22}},"273":{"start":{"line":274,"column":0},"end":{"line":274,"column":45}},"274":{"start":{"line":275,"column":0},"end":{"line":275,"column":37}},"275":{"start":{"line":276,"column":0},"end":{"line":276,"column":47}},"276":{"start":{"line":277,"column":0},"end":{"line":277,"column":69}},"278":{"start":{"line":279,"column":0},"end":{"line":279,"column":41}},"281":{"start":{"line":282,"column":0},"end":{"line":282,"column":37}},"291":{"start":{"line":292,"column":0},"end":{"line":292,"column":2}},"293":{"start":{"line":294,"column":0},"end":{"line":294,"column":28}}},"s":{"0":0,"1":0,"2":0,"4":0,"5":0,"6":0,"10":0,"16":0,"17":0,"18":0,"19":0,"20":0,"21":0,"22":0,"23":0,"24":0,"26":0,"27":0,"28":0,"30":0,"31":0,"32":0,"33":0,"34":0,"36":0,"37":0,"38":0,"40":0,"41":0,"42":0,"43":0,"44":0,"46":0,"47":0,"48":0,"49":0,"51":0,"52":0,"54":0,"55":0,"56":0,"57":0,"59":0,"60":0,"61":0,"62":0,"64":0,"65":0,"66":0,"68":0,"69":0,"70":0,"71":0,"72":0,"73":0,"74":0,"79":0,"81":0,"82":0,"83":0,"84":0,"85":0,"86":0,"87":0,"88":0,"90":0,"91":0,"92":0,"93":0,"95":0,"103":0,"105":0,"106":0,"107":0,"108":0,"110":0,"111":0,"113":0,"114":0,"115":0,"117":0,"118":0,"119":0,"122":0,"123":0,"124":0,"125":0,"126":0,"127":0,"128":0,"129":0,"132":0,"133":0,"134":0,"135":0,"136":0,"138":0,"140":0,"141":0,"142":0,"143":0,"144":0,"151":0,"152":0,"153":0,"157":0,"158":0,"159":0,"160":0,"162":0,"163":0,"164":0,"166":0,"167":0,"168":0,"169":0,"175":0,"176":0,"177":0,"178":0,"179":0,"180":0,"181":0,"182":0,"184":0,"187":0,"188":0,"189":0,"190":0,"192":0,"200":0,"201":0,"204":0,"205":0,"206":0,"211":0,"212":0,"215":0,"216":0,"217":0,"218":0,"219":0,"220":0,"221":0,"223":0,"224":0,"229":0,"236":0,"237":0,"240":0,"241":0,"242":0,"243":0,"246":0,"248":0,"249":0,"250":0,"251":0,"252":0,"253":0,"254":0,"255":0,"256":0,"257":0,"259":0,"268":0,"269":0,"270":0,"271":0,"272":0,"273":0,"274":0,"275":0,"276":0,"278":0,"281":0,"291":0,"293":0},"branchMap":{"0":{"type":"branch","line":1,"loc":{"start":{"line":1,"column":10581},"end":{"line":294,"column":28}},"locations":[{"start":{"line":1,"column":10581},"end":{"line":294,"column":28}}]}},"b":{"0":[0]},"fnMap":{"0":{"name":"(empty-report)","decl":{"start":{"line":1,"column":10581},"end":{"line":294,"column":28}},"loc":{"start":{"line":1,"column":10581},"end":{"line":294,"column":28}},"line":1}},"f":{"0":0}}
,"/Users/mcdave/code/recipe-finder/src/services/recipeService.ts": {"path":"/Users/mcdave/code/recipe-finder/src/services/recipeService.ts","all":true,"statementMap":{"2":{"start":{"line":3,"column":0},"end":{"line":3,"column":57}},"3":{"start":{"line":4,"column":0},"end":{"line":4,"column":55}},"5":{"start":{"line":6,"column":0},"end":{"line":6,"column":36}},"6":{"start":{"line":7,"column":0},"end":{"line":7,"column":49}},"8":{"start":{"line":9,"column":0},"end":{"line":9,"column":69}},"9":{"start":{"line":10,"column":0},"end":{"line":10,"column":44}},"10":{"start":{"line":11,"column":0},"end":{"line":11,"column":17}},"11":{"start":{"line":12,"column":0},"end":{"line":12,"column":3}},"13":{"start":{"line":14,"column":0},"end":{"line":14,"column":40}},"14":{"start":{"line":15,"column":0},"end":{"line":15,"column":17}},"15":{"start":{"line":16,"column":0},"end":{"line":16,"column":10}},"16":{"start":{"line":17,"column":0},"end":{"line":17,"column":11}},"17":{"start":{"line":18,"column":0},"end":{"line":18,"column":10}},"18":{"start":{"line":19,"column":0},"end":{"line":19,"column":11}},"19":{"start":{"line":20,"column":0},"end":{"line":20,"column":8}},"20":{"start":{"line":21,"column":0},"end":{"line":21,"column":9}},"21":{"start":{"line":22,"column":0},"end":{"line":22,"column":9}},"22":{"start":{"line":23,"column":0},"end":{"line":23,"column":8}},"23":{"start":{"line":24,"column":0},"end":{"line":24,"column":9}},"24":{"start":{"line":25,"column":0},"end":{"line":25,"column":9}},"25":{"start":{"line":26,"column":0},"end":{"line":26,"column":15}},"26":{"start":{"line":27,"column":0},"end":{"line":27,"column":17}},"27":{"start":{"line":28,"column":0},"end":{"line":28,"column":11}},"28":{"start":{"line":29,"column":0},"end":{"line":29,"column":15}},"29":{"start":{"line":30,"column":0},"end":{"line":30,"column":17}},"30":{"start":{"line":31,"column":0},"end":{"line":31,"column":12}},"31":{"start":{"line":32,"column":0},"end":{"line":32,"column":12}},"32":{"start":{"line":33,"column":0},"end":{"line":33,"column":12}},"33":{"start":{"line":34,"column":0},"end":{"line":34,"column":4}},"35":{"start":{"line":36,"column":0},"end":{"line":36,"column":54}},"36":{"start":{"line":37,"column":0},"end":{"line":37,"column":39}},"37":{"start":{"line":38,"column":0},"end":{"line":38,"column":80}},"38":{"start":{"line":39,"column":0},"end":{"line":39,"column":7}},"40":{"start":{"line":41,"column":0},"end":{"line":41,"column":64}},"42":{"start":{"line":43,"column":0},"end":{"line":43,"column":26}},"43":{"start":{"line":44,"column":0},"end":{"line":44,"column":69}},"44":{"start":{"line":45,"column":0},"end":{"line":45,"column":49}},"46":{"start":{"line":47,"column":0},"end":{"line":47,"column":29}},"47":{"start":{"line":48,"column":0},"end":{"line":48,"column":68}},"48":{"start":{"line":49,"column":0},"end":{"line":49,"column":46}},"49":{"start":{"line":50,"column":0},"end":{"line":50,"column":41}},"51":{"start":{"line":52,"column":0},"end":{"line":52,"column":50}},"52":{"start":{"line":53,"column":0},"end":{"line":53,"column":23}},"53":{"start":{"line":54,"column":0},"end":{"line":54,"column":11}},"54":{"start":{"line":55,"column":0},"end":{"line":55,"column":12}},"55":{"start":{"line":56,"column":0},"end":{"line":56,"column":12}},"56":{"start":{"line":57,"column":0},"end":{"line":57,"column":10}},"57":{"start":{"line":58,"column":0},"end":{"line":58,"column":12}},"58":{"start":{"line":59,"column":0},"end":{"line":59,"column":13}},"59":{"start":{"line":60,"column":0},"end":{"line":60,"column":11}},"60":{"start":{"line":61,"column":0},"end":{"line":61,"column":12}},"61":{"start":{"line":62,"column":0},"end":{"line":62,"column":13}},"62":{"start":{"line":63,"column":0},"end":{"line":63,"column":12}},"63":{"start":{"line":64,"column":0},"end":{"line":64,"column":13}},"64":{"start":{"line":65,"column":0},"end":{"line":65,"column":11}},"65":{"start":{"line":66,"column":0},"end":{"line":66,"column":13}},"66":{"start":{"line":67,"column":0},"end":{"line":67,"column":10}},"67":{"start":{"line":68,"column":0},"end":{"line":68,"column":14}},"68":{"start":{"line":69,"column":0},"end":{"line":69,"column":4}},"70":{"start":{"line":71,"column":0},"end":{"line":71,"column":76}},"72":{"start":{"line":73,"column":0},"end":{"line":73,"column":72}},"73":{"start":{"line":74,"column":0},"end":{"line":74,"column":1}},"75":{"start":{"line":76,"column":0},"end":{"line":76,"column":36}},"76":{"start":{"line":77,"column":0},"end":{"line":77,"column":16}},"77":{"start":{"line":78,"column":0},"end":{"line":78,"column":25}},"79":{"start":{"line":80,"column":0},"end":{"line":80,"column":19}},"80":{"start":{"line":81,"column":0},"end":{"line":81,"column":32}},"81":{"start":{"line":82,"column":0},"end":{"line":82,"column":71}},"82":{"start":{"line":83,"column":0},"end":{"line":83,"column":3}},"84":{"start":{"line":85,"column":0},"end":{"line":85,"column":32}},"85":{"start":{"line":86,"column":0},"end":{"line":86,"column":32}},"86":{"start":{"line":87,"column":0},"end":{"line":87,"column":48}},"87":{"start":{"line":88,"column":0},"end":{"line":88,"column":3}},"89":{"start":{"line":90,"column":0},"end":{"line":90,"column":52}},"90":{"start":{"line":91,"column":0},"end":{"line":91,"column":29}},"91":{"start":{"line":92,"column":0},"end":{"line":92,"column":71}},"92":{"start":{"line":93,"column":0},"end":{"line":93,"column":3}},"94":{"start":{"line":95,"column":0},"end":{"line":95,"column":38}},"95":{"start":{"line":96,"column":0},"end":{"line":96,"column":20}},"96":{"start":{"line":97,"column":0},"end":{"line":97,"column":10}},"97":{"start":{"line":98,"column":0},"end":{"line":98,"column":17}},"98":{"start":{"line":99,"column":0},"end":{"line":99,"column":33}},"99":{"start":{"line":100,"column":0},"end":{"line":100,"column":5}},"101":{"start":{"line":102,"column":0},"end":{"line":102,"column":22}},"102":{"start":{"line":103,"column":0},"end":{"line":103,"column":40}},"103":{"start":{"line":104,"column":0},"end":{"line":104,"column":3}},"105":{"start":{"line":106,"column":0},"end":{"line":106,"column":38}},"106":{"start":{"line":107,"column":0},"end":{"line":107,"column":66}},"107":{"start":{"line":108,"column":0},"end":{"line":108,"column":3}},"109":{"start":{"line":110,"column":0},"end":{"line":110,"column":25}},"110":{"start":{"line":111,"column":0},"end":{"line":111,"column":46}},"111":{"start":{"line":112,"column":0},"end":{"line":112,"column":3}},"113":{"start":{"line":114,"column":0},"end":{"line":114,"column":7}},"114":{"start":{"line":115,"column":0},"end":{"line":115,"column":72}},"116":{"start":{"line":117,"column":0},"end":{"line":117,"column":23}},"117":{"start":{"line":118,"column":0},"end":{"line":118,"column":64}},"118":{"start":{"line":119,"column":0},"end":{"line":119,"column":31}},"119":{"start":{"line":120,"column":0},"end":{"line":120,"column":43}},"120":{"start":{"line":121,"column":0},"end":{"line":121,"column":7}},"121":{"start":{"line":122,"column":0},"end":{"line":122,"column":78}},"122":{"start":{"line":123,"column":0},"end":{"line":123,"column":5}},"124":{"start":{"line":125,"column":0},"end":{"line":125,"column":27}},"125":{"start":{"line":126,"column":0},"end":{"line":126,"column":19}},"126":{"start":{"line":127,"column":0},"end":{"line":127,"column":33}},"127":{"start":{"line":128,"column":0},"end":{"line":128,"column":18}},"128":{"start":{"line":129,"column":0},"end":{"line":129,"column":5}},"129":{"start":{"line":130,"column":0},"end":{"line":130,"column":72}},"130":{"start":{"line":131,"column":0},"end":{"line":131,"column":3}},"131":{"start":{"line":132,"column":0},"end":{"line":132,"column":2}},"133":{"start":{"line":134,"column":0},"end":{"line":134,"column":69}},"134":{"start":{"line":135,"column":0},"end":{"line":135,"column":38}},"135":{"start":{"line":136,"column":0},"end":{"line":136,"column":20}},"136":{"start":{"line":137,"column":0},"end":{"line":137,"column":5}},"138":{"start":{"line":139,"column":0},"end":{"line":139,"column":74}},"140":{"start":{"line":141,"column":0},"end":{"line":141,"column":21}},"141":{"start":{"line":142,"column":0},"end":{"line":142,"column":54}},"142":{"start":{"line":143,"column":0},"end":{"line":143,"column":3}},"144":{"start":{"line":145,"column":0},"end":{"line":145,"column":25}},"145":{"start":{"line":146,"column":0},"end":{"line":146,"column":2}}},"s":{"2":0,"3":0,"5":0,"6":0,"8":0,"9":0,"10":0,"11":0,"13":0,"14":0,"15":0,"16":0,"17":0,"18":0,"19":0,"20":0,"21":0,"22":0,"23":0,"24":0,"25":0,"26":0,"27":0,"28":0,"29":0,"30":0,"31":0,"32":0,"33":0,"35":0,"36":0,"37":0,"38":0,"40":0,"42":0,"43":0,"44":0,"46":0,"47":0,"48":0,"49":0,"51":0,"52":0,"53":0,"54":0,"55":0,"56":0,"57":0,"58":0,"59":0,"60":0,"61":0,"62":0,"63":0,"64":0,"65":0,"66":0,"67":0,"68":0,"70":0,"72":0,"73":0,"75":0,"76":0,"77":0,"79":0,"80":0,"81":0,"82":0,"84":0,"85":0,"86":0,"87":0,"89":0,"90":0,"91":0,"92":0,"94":0,"95":0,"96":0,"97":0,"98":0,"99":0,"101":0,"102":0,"103":0,"105":0,"106":0,"107":0,"109":0,"110":0,"111":0,"113":0,"114":0,"116":0,"117":0,"118":0,"119":0,"120":0,"121":0,"122":0,"124":0,"125":0,"126":0,"127":0,"128":0,"129":0,"130":0,"131":0,"133":0,"134":0,"135":0,"136":0,"138":0,"140":0,"141":0,"142":0,"144":0,"145":0},"branchMap":{"0":{"type":"branch","line":1,"loc":{"start":{"line":1,"column":74},"end":{"line":146,"column":-285}},"locations":[{"start":{"line":1,"column":74},"end":{"line":146,"column":-285}}]}},"b":{"0":[1]},"fnMap":{"0":{"name":"(empty-report)","decl":{"start":{"line":1,"column":74},"end":{"line":146,"column":-285}},"loc":{"start":{"line":1,"column":74},"end":{"line":146,"column":-285}},"line":1}},"f":{"0":1}}
,"/Users/mcdave/code/recipe-finder/src/types/recipe.ts": {"path":"/Users/mcdave/code/recipe-finder/src/types/recipe.ts","all":true,"statementMap":{},"s":{},"branchMap":{"0":{"type":"branch","line":1,"loc":{"start":{"line":1,"column":1485},"end":{"line":93,"column":1}},"locations":[{"start":{"line":1,"column":1485},"end":{"line":93,"column":1}}]}},"b":{"0":[1]},"fnMap":{"0":{"name":"(empty-report)","decl":{"start":{"line":1,"column":1485},"end":{"line":93,"column":1}},"loc":{"start":{"line":1,"column":1485},"end":{"line":93,"column":1}},"line":1}},"f":{"0":1}}
,"/Users/mcdave/code/recipe-finder/src/utils/favoriteUtils.ts": {"path":"/Users/mcdave/code/recipe-finder/src/utils/favoriteUtils.ts","all":false,"statementMap":{"2":{"start":{"line":3,"column":0},"end":{"line":3,"column":3}},"4":{"start":{"line":5,"column":0},"end":{"line":5,"column":3}},"5":{"start":{"line":6,"column":0},"end":{"line":6,"column":62}},"6":{"start":{"line":7,"column":0},"end":{"line":7,"column":35}},"7":{"start":{"line":8,"column":0},"end":{"line":8,"column":55}},"8":{"start":{"line":9,"column":0},"end":{"line":9,"column":2}},"10":{"start":{"line":11,"column":0},"end":{"line":11,"column":3}},"12":{"start":{"line":13,"column":0},"end":{"line":13,"column":3}},"13":{"start":{"line":14,"column":0},"end":{"line":14,"column":45}},"14":{"start":{"line":15,"column":0},"end":{"line":15,"column":7}},"15":{"start":{"line":16,"column":0},"end":{"line":16,"column":65}},"16":{"start":{"line":17,"column":0},"end":{"line":17,"column":19}},"17":{"start":{"line":18,"column":0},"end":{"line":18,"column":53}},"18":{"start":{"line":19,"column":0},"end":{"line":19,"column":14}},"19":{"start":{"line":20,"column":0},"end":{"line":20,"column":3}},"20":{"start":{"line":21,"column":0},"end":{"line":21,"column":2}},"22":{"start":{"line":23,"column":0},"end":{"line":23,"column":3}},"24":{"start":{"line":25,"column":0},"end":{"line":25,"column":3}},"25":{"start":{"line":26,"column":0},"end":{"line":26,"column":61}},"26":{"start":{"line":27,"column":0},"end":{"line":27,"column":35}},"28":{"start":{"line":29,"column":0},"end":{"line":29,"column":44}},"29":{"start":{"line":30,"column":0},"end":{"line":30,"column":34}},"30":{"start":{"line":31,"column":0},"end":{"line":31,"column":52}},"31":{"start":{"line":32,"column":0},"end":{"line":32,"column":72}},"32":{"start":{"line":33,"column":0},"end":{"line":33,"column":28}},"33":{"start":{"line":34,"column":0},"end":{"line":34,"column":3}},"35":{"start":{"line":36,"column":0},"end":{"line":36,"column":19}},"36":{"start":{"line":37,"column":0},"end":{"line":37,"column":2}},"38":{"start":{"line":39,"column":0},"end":{"line":39,"column":3}},"40":{"start":{"line":41,"column":0},"end":{"line":41,"column":3}},"41":{"start":{"line":42,"column":0},"end":{"line":42,"column":66}},"42":{"start":{"line":43,"column":0},"end":{"line":43,"column":35}},"43":{"start":{"line":44,"column":0},"end":{"line":44,"column":75}},"44":{"start":{"line":45,"column":0},"end":{"line":45,"column":70}},"45":{"start":{"line":46,"column":0},"end":{"line":46,"column":26}},"46":{"start":{"line":47,"column":0},"end":{"line":47,"column":2}},"48":{"start":{"line":49,"column":0},"end":{"line":49,"column":3}},"50":{"start":{"line":51,"column":0},"end":{"line":51,"column":3}},"51":{"start":{"line":52,"column":0},"end":{"line":52,"column":31}},"52":{"start":{"line":53,"column":0},"end":{"line":53,"column":16}},"54":{"start":{"line":55,"column":0},"end":{"line":55,"column":46}},"56":{"start":{"line":57,"column":0},"end":{"line":57,"column":19}},"57":{"start":{"line":58,"column":0},"end":{"line":58,"column":57}},"58":{"start":{"line":59,"column":0},"end":{"line":59,"column":62}},"59":{"start":{"line":60,"column":0},"end":{"line":60,"column":10}},"60":{"start":{"line":61,"column":0},"end":{"line":61,"column":52}},"61":{"start":{"line":62,"column":0},"end":{"line":62,"column":61}},"62":{"start":{"line":63,"column":0},"end":{"line":63,"column":3}},"63":{"start":{"line":64,"column":0},"end":{"line":64,"column":2}}},"s":{"2":1,"4":1,"5":1,"6":7,"7":7,"8":7,"10":1,"12":1,"13":1,"14":16,"15":16,"16":16,"17":1,"18":1,"19":1,"20":16,"22":1,"24":1,"25":1,"26":3,"28":3,"29":3,"30":2,"31":2,"32":2,"33":2,"35":1,"36":1,"38":1,"40":1,"41":1,"42":3,"43":3,"44":3,"45":3,"46":3,"48":1,"50":1,"51":1,"52":2,"54":2,"56":2,"57":1,"58":1,"59":1,"60":1,"61":1,"62":1,"63":2},"branchMap":{"0":{"type":"branch","line":6,"loc":{"start":{"line":6,"column":32},"end":{"line":9,"column":2}},"locations":[{"start":{"line":6,"column":32},"end":{"line":9,"column":2}}]},"1":{"type":"branch","line":8,"loc":{"start":{"line":8,"column":24},"end":{"line":8,"column":53}},"locations":[{"start":{"line":8,"column":24},"end":{"line":8,"column":53}}]},"2":{"type":"branch","line":14,"loc":{"start":{"line":14,"column":28},"end":{"line":21,"column":2}},"locations":[{"start":{"line":14,"column":28},"end":{"line":21,"column":2}}]},"3":{"type":"branch","line":16,"loc":{"start":{"line":16,"column":43},"end":{"line":16,"column":65}},"locations":[{"start":{"line":16,"column":43},"end":{"line":16,"column":65}}]},"4":{"type":"branch","line":17,"loc":{"start":{"line":17,"column":4},"end":{"line":20,"column":3}},"locations":[{"start":{"line":17,"column":4},"end":{"line":20,"column":3}}]},"5":{"type":"branch","line":26,"loc":{"start":{"line":26,"column":30},"end":{"line":37,"column":2}},"locations":[{"start":{"line":26,"column":30},"end":{"line":37,"column":2}}]},"6":{"type":"branch","line":30,"loc":{"start":{"line":30,"column":33},"end":{"line":34,"column":3}},"locations":[{"start":{"line":30,"column":33},"end":{"line":34,"column":3}}]},"7":{"type":"branch","line":34,"loc":{"start":{"line":34,"column":2},"end":{"line":37,"column":2}},"locations":[{"start":{"line":34,"column":2},"end":{"line":37,"column":2}}]},"8":{"type":"branch","line":42,"loc":{"start":{"line":42,"column":35},"end":{"line":47,"column":2}},"locations":[{"start":{"line":42,"column":35},"end":{"line":47,"column":2}}]},"9":{"type":"branch","line":44,"loc":{"start":{"line":44,"column":44},"end":{"line":44,"column":73}},"locations":[{"start":{"line":44,"column":44},"end":{"line":44,"column":73}}]},"10":{"type":"branch","line":52,"loc":{"start":{"line":52,"column":30},"end":{"line":64,"column":2}},"locations":[{"start":{"line":52,"column":30},"end":{"line":64,"column":2}}]},"11":{"type":"branch","line":57,"loc":{"start":{"line":57,"column":18},"end":{"line":63,"column":3}},"locations":[{"start":{"line":57,"column":18},"end":{"line":63,"column":3}}]}},"b":{"0":[7],"1":[5],"2":[16],"3":[1],"4":[1],"5":[3],"6":[2],"7":[1],"8":[3],"9":[5],"10":[2],"11":[1]},"fnMap":{"0":{"name":"isRecipeFavorite","decl":{"start":{"line":6,"column":32},"end":{"line":9,"column":2}},"loc":{"start":{"line":6,"column":32},"end":{"line":9,"column":2}},"line":6},"1":{"name":"getFavorites","decl":{"start":{"line":14,"column":28},"end":{"line":21,"column":2}},"loc":{"start":{"line":14,"column":28},"end":{"line":21,"column":2}},"line":14},"2":{"name":"addToFavorites","decl":{"start":{"line":26,"column":30},"end":{"line":37,"column":2}},"loc":{"start":{"line":26,"column":30},"end":{"line":37,"column":2}},"line":26},"3":{"name":"removeFromFavorites","decl":{"start":{"line":42,"column":35},"end":{"line":47,"column":2}},"loc":{"start":{"line":42,"column":35},"end":{"line":47,"column":2}},"line":42},"4":{"name":"toggleFavorite","decl":{"start":{"line":52,"column":30},"end":{"line":64,"column":2}},"loc":{"start":{"line":52,"column":30},"end":{"line":64,"column":2}},"line":52}},"f":{"0":7,"1":16,"2":3,"3":3,"4":2}}
}
